[35m[1mScanning dependencies of target wa_pub_test[0m
[ 50%] [32mBuilding CXX object CMakeFiles/wa_pub_test.dir/src/wa_pub_test.cpp.o[0m
[01m[K/home/theo/dev_ws/src/wa_pubsub/src/wa_pub_test.cpp:3:10:[m[K [01;31m[Kfatal error: [m[Kstd_msgs/msg/String: No such file or directory
    3 | #include [01;31m[K"std_msgs/msg/String"[m[K
      |          [01;31m[K^~~~~~~~~~~~~~~~~~~~~[m[K
compilation terminated.
make[2]: *** [CMakeFiles/wa_pub_test.dir/build.make:63: CMakeFiles/wa_pub_test.dir/src/wa_pub_test.cpp.o] Error 1
make[1]: *** [CMakeFiles/Makefile2:78: CMakeFiles/wa_pub_test.dir/all] Error 2
make: *** [Makefile:141: all] Error 2
