[35m[1mScanning dependencies of target wa_helper[0m
[ 50%] [32mBuilding CXX object CMakeFiles/wa_helper.dir/src/wa_publisher.cpp.o[0m
In file included from [01m[K/home/theo/dev_ws/src/wa_helper/src/wa_publisher.cpp:1[m[K:
[01m[K/home/theo/dev_ws/src/wa_helper/src/../include/wa_helper/wa_publisher.hpp:22:34:[m[K [01;31m[Kerror: [m[Kto refer to a type member of a template parameter, use â€˜[01m[Ktypename T::SharedPtr[m[Kâ€™ [[01;31m[K-fpermissive[m[K]
   22 |   rclcpp::Publisher<T::SharedPtr [01;31m[K_publisher[m[K;
      |                                  [01;31m[K^~~~~~~~~~[m[K
[01m[K/home/theo/dev_ws/src/wa_helper/src/../include/wa_helper/wa_publisher.hpp:22:11:[m[K [01;31m[Kerror: [m[Kparse error in template argument list
   22 |   rclcpp::[01;31m[KPublisher<T::SharedPtr _publisher[m[K;
      |           [01;31m[K^~~~~~~~~~~~~~~~~~~~~~~~~~~~~~~~~[m[K
[01m[K/home/theo/dev_ws/src/wa_helper/src/../include/wa_helper/wa_publisher.hpp:22:11:[m[K [01;31m[Kerror: [m[Ka template-id may not appear in a using-declaration
make[2]: *** [CMakeFiles/wa_helper.dir/build.make:63: CMakeFiles/wa_helper.dir/src/wa_publisher.cpp.o] Error 1
make[1]: *** [CMakeFiles/Makefile2:78: CMakeFiles/wa_helper.dir/all] Error 2
make: *** [Makefile:141: all] Error 2
