[0.036s] Invoking command in '/home/theo/dev_ws/build/wa_helper': CMAKE_PREFIX_PATH=${CMAKE_PREFIX_PATH}:/home/theo/dev_ws/install/py_pubsub:/opt/ros/foxy /usr/bin/cmake --build /home/theo/dev_ws/build/wa_helper -- -j1 -l1
[0.189s] [35m[1mScanning dependencies of target wa_helper[0m
[0.260s] [ 50%] [32mBuilding CXX object CMakeFiles/wa_helper.dir/src/wa_publisher.cpp.o[0m
[3.051s] In file included from [01m[K/home/theo/dev_ws/src/wa_helper/src/wa_publisher.cpp:1[m[K:
[3.052s] [01m[K/home/theo/dev_ws/src/wa_helper/src/../include/wa_helper/wa_publisher.hpp:22:34:[m[K [01;31m[Kerror: [m[Kto refer to a type member of a template parameter, use â€˜[01m[Ktypename T::SharedPtr[m[Kâ€™ [[01;31m[K-fpermissive[m[K]
[3.052s]    22 |   rclcpp::Publisher<T::SharedPtr [01;31m[K_publisher[m[K;
[3.052s]       |                                  [01;31m[K^~~~~~~~~~[m[K
[3.052s] [01m[K/home/theo/dev_ws/src/wa_helper/src/../include/wa_helper/wa_publisher.hpp:22:11:[m[K [01;31m[Kerror: [m[Kparse error in template argument list
[3.053s]    22 |   rclcpp::[01;31m[KPublisher<T::SharedPtr _publisher[m[K;
[3.053s]       |           [01;31m[K^~~~~~~~~~~~~~~~~~~~~~~~~~~~~~~~~[m[K
[3.053s] [01m[K/home/theo/dev_ws/src/wa_helper/src/../include/wa_helper/wa_publisher.hpp:22:11:[m[K [01;31m[Kerror: [m[Ka template-id may not appear in a using-declaration
[3.815s] make[2]: *** [CMakeFiles/wa_helper.dir/build.make:63: CMakeFiles/wa_helper.dir/src/wa_publisher.cpp.o] Error 1
[3.819s] make[1]: *** [CMakeFiles/Makefile2:78: CMakeFiles/wa_helper.dir/all] Error 2
[3.820s] make: *** [Makefile:141: all] Error 2
[3.821s] Invoked command in '/home/theo/dev_ws/build/wa_helper' returned '2': CMAKE_PREFIX_PATH=${CMAKE_PREFIX_PATH}:/home/theo/dev_ws/install/py_pubsub:/opt/ros/foxy /usr/bin/cmake --build /home/theo/dev_ws/build/wa_helper -- -j1 -l1
