[0.018s] Invoking command in '/home/theo/dev_ws/build/wa_pubsub': CMAKE_PREFIX_PATH=/home/theo/dev_ws/install/wa_helper:/home/theo/dev_ws/install/tutorial_interfaces:/home/theo/dev_ws/install/cpp_srvcli:/home/theo/dev_ws/install/cpp_pubsub:/home/theo/dev_ws/install/turtlesim:/home/theo/dev_ws/install/my_package:/home/theo/dev_ws/install/py_pubsub:/opt/ros/foxy LD_LIBRARY_PATH=/home/theo/dev_ws/install/tutorial_interfaces/lib:/home/theo/dev_ws/install/wa_helper/lib:/home/theo/dev_ws/install/turtlesim/lib:/opt/ros/foxy/opt/yaml_cpp_vendor/lib:/opt/ros/foxy/opt/rviz_ogre_vendor/lib:/opt/ros/foxy/lib/x86_64-linux-gnu:/opt/ros/foxy/lib /usr/bin/cmake --build /home/theo/dev_ws/build/wa_pubsub -- -j1 -l1
[0.088s] [35m[1mScanning dependencies of target wa_pub_test[0m
[0.140s] [ 50%] [32mBuilding CXX object CMakeFiles/wa_pub_test.dir/src/wa_pub_test.cpp.o[0m
[2.271s] [100%] [32m[1mLinking CXX executable wa_pub_test[0m
[2.389s] /usr/bin/ld: CMakeFiles/wa_pub_test.dir/src/wa_pub_test.cpp.o: in function `void __gnu_cxx::new_allocator<WAPublisher<tutorial_interfaces::msg::Num_<std::allocator<void> > > >::construct<WAPublisher<tutorial_interfaces::msg::Num_<std::allocator<void> > >, tutorial_interfaces::msg::Num_<std::allocator<void> > (&)(), int, char const (&) [9], int>(WAPublisher<tutorial_interfaces::msg::Num_<std::allocator<void> > >*, tutorial_interfaces::msg::Num_<std::allocator<void> > (&)(), int&&, char const (&) [9], int&&)':
[2.389s] wa_pub_test.cpp:(.text._ZN9__gnu_cxx13new_allocatorI11WAPublisherIN19tutorial_interfaces3msg4Num_ISaIvEEEEE9constructIS7_JRFS6_vEiRA9_KciEEEvPT_DpOT0_[_ZN9__gnu_cxx13new_allocatorI11WAPublisherIN19tutorial_interfaces3msg4Num_ISaIvEEEEE9constructIS7_JRFS6_vEiRA9_KciEEEvPT_DpOT0_]+0xe3): undefined reference to `WAPublisher<tutorial_interfaces::msg::Num_<std::allocator<void> > >::WAPublisher(tutorial_interfaces::msg::Num_<std::allocator<void> > (*)(), int, std::__cxx11::basic_string<char, std::char_traits<char>, std::allocator<char> >, int)'
[2.390s] collect2: error: ld returned 1 exit status
[2.393s] make[2]: *** [CMakeFiles/wa_pub_test.dir/build.make:137: wa_pub_test] Error 1
[2.393s] make[1]: *** [CMakeFiles/Makefile2:78: CMakeFiles/wa_pub_test.dir/all] Error 2
[2.393s] make: *** [Makefile:141: all] Error 2
[2.395s] Invoked command in '/home/theo/dev_ws/build/wa_pubsub' returned '2': CMAKE_PREFIX_PATH=/home/theo/dev_ws/install/wa_helper:/home/theo/dev_ws/install/tutorial_interfaces:/home/theo/dev_ws/install/cpp_srvcli:/home/theo/dev_ws/install/cpp_pubsub:/home/theo/dev_ws/install/turtlesim:/home/theo/dev_ws/install/my_package:/home/theo/dev_ws/install/py_pubsub:/opt/ros/foxy LD_LIBRARY_PATH=/home/theo/dev_ws/install/tutorial_interfaces/lib:/home/theo/dev_ws/install/wa_helper/lib:/home/theo/dev_ws/install/turtlesim/lib:/opt/ros/foxy/opt/yaml_cpp_vendor/lib:/opt/ros/foxy/opt/rviz_ogre_vendor/lib:/opt/ros/foxy/lib/x86_64-linux-gnu:/opt/ros/foxy/lib /usr/bin/cmake --build /home/theo/dev_ws/build/wa_pubsub -- -j1 -l1
