[0.012s] Invoking command in '/home/theo/dev_ws/build/wa_pubsub': AMENT_PREFIX_PATH=/home/theo/dev_ws/install/wa_helper:/home/theo/dev_ws/install/tutorial_interfaces:${AMENT_PREFIX_PATH} CMAKE_PREFIX_PATH=/home/theo/dev_ws/install/wa_helper:/home/theo/dev_ws/install/tutorial_interfaces:/opt/ros/foxy LD_LIBRARY_PATH=/home/theo/dev_ws/install/tutorial_interfaces/lib:${LD_LIBRARY_PATH} PYTHONPATH=/home/theo/dev_ws/install/tutorial_interfaces/lib/python3.8/site-packages:${PYTHONPATH} /usr/bin/cmake /home/theo/dev_ws/src/wa_pubsub -DCMAKE_INSTALL_PREFIX=/home/theo/dev_ws/install/wa_pubsub
[0.099s] -- The C compiler identification is GNU 9.3.0
[0.223s] -- The CXX compiler identification is GNU 9.3.0
[0.236s] -- Check for working C compiler: /usr/bin/cc
[0.308s] -- Check for working C compiler: /usr/bin/cc -- works
[0.309s] -- Detecting C compiler ABI info
[0.388s] -- Detecting C compiler ABI info - done
[0.411s] -- Detecting C compile features
[0.412s] -- Detecting C compile features - done
[0.415s] -- Check for working CXX compiler: /usr/bin/c++
[0.503s] -- Check for working CXX compiler: /usr/bin/c++ -- works
[0.505s] -- Detecting CXX compiler ABI info
[0.595s] -- Detecting CXX compiler ABI info - done
[0.618s] -- Detecting CXX compile features
[0.620s] -- Detecting CXX compile features - done
[0.623s] -- Found ament_cmake: 0.9.7 (/opt/ros/foxy/share/ament_cmake/cmake)
[0.655s] -- Found PythonInterp: /usr/bin/python3 (found suitable version "3.8.5", minimum required is "3") 
[0.655s] -- Using PYTHON_EXECUTABLE: /usr/bin/python3
[0.934s] -- Found rclcpp: 2.2.0 (/opt/ros/foxy/share/rclcpp/cmake)
[0.981s] -- Using all available rosidl_typesupport_c: rosidl_typesupport_fastrtps_c;rosidl_typesupport_introspection_c
[0.990s] -- Found rosidl_adapter: 1.1.0 (/opt/ros/foxy/share/rosidl_adapter/cmake)
[1.079s] -- Found OpenSSL: /usr/lib/x86_64-linux-gnu/libcrypto.so (found version "1.1.1f")  
[1.124s] -- Found FastRTPS: /opt/ros/foxy/include  
[1.244s] -- Using all available rosidl_typesupport_cpp: rosidl_typesupport_fastrtps_cpp;rosidl_typesupport_introspection_cpp
[1.346s] -- Found rmw_implementation_cmake: 1.0.1 (/opt/ros/foxy/share/rmw_implementation_cmake/cmake)
[1.348s] -- Using RMW implementation 'rmw_fastrtps_cpp' as default
[1.349s] -- Looking for pthread.h
[1.425s] -- Looking for pthread.h - found
[1.426s] -- Performing Test CMAKE_HAVE_LIBC_PTHREAD
[1.506s] -- Performing Test CMAKE_HAVE_LIBC_PTHREAD - Failed
[1.507s] -- Looking for pthread_create in pthreads
[1.569s] -- Looking for pthread_create in pthreads - not found
[1.570s] -- Looking for pthread_create in pthread
[1.646s] -- Looking for pthread_create in pthread - found
[1.648s] -- Found Threads: TRUE  
[1.918s] -- Found tutorial_interfaces: 0.0.0 (/home/theo/dev_ws/install/tutorial_interfaces/share/tutorial_interfaces/cmake)
[1.933s] -- Found wa_helper: 0.0.0 (/home/theo/dev_ws/install/wa_helper/share/wa_helper/cmake)
[2.010s] -- Configuring done
[2.021s] -- Generating done
[2.023s] -- Build files have been written to: /home/theo/dev_ws/build/wa_pubsub
[2.037s] Invoked command in '/home/theo/dev_ws/build/wa_pubsub' returned '0': AMENT_PREFIX_PATH=/home/theo/dev_ws/install/wa_helper:/home/theo/dev_ws/install/tutorial_interfaces:${AMENT_PREFIX_PATH} CMAKE_PREFIX_PATH=/home/theo/dev_ws/install/wa_helper:/home/theo/dev_ws/install/tutorial_interfaces:/opt/ros/foxy LD_LIBRARY_PATH=/home/theo/dev_ws/install/tutorial_interfaces/lib:${LD_LIBRARY_PATH} PYTHONPATH=/home/theo/dev_ws/install/tutorial_interfaces/lib/python3.8/site-packages:${PYTHONPATH} /usr/bin/cmake /home/theo/dev_ws/src/wa_pubsub -DCMAKE_INSTALL_PREFIX=/home/theo/dev_ws/install/wa_pubsub
[2.038s] Invoking command in '/home/theo/dev_ws/build/wa_pubsub': AMENT_PREFIX_PATH=/home/theo/dev_ws/install/wa_helper:/home/theo/dev_ws/install/tutorial_interfaces:${AMENT_PREFIX_PATH} CMAKE_PREFIX_PATH=/home/theo/dev_ws/install/wa_helper:/home/theo/dev_ws/install/tutorial_interfaces:/opt/ros/foxy LD_LIBRARY_PATH=/home/theo/dev_ws/install/tutorial_interfaces/lib:${LD_LIBRARY_PATH} PYTHONPATH=/home/theo/dev_ws/install/tutorial_interfaces/lib/python3.8/site-packages:${PYTHONPATH} /usr/bin/cmake --build /home/theo/dev_ws/build/wa_pubsub -- -j1 -l1
[2.077s] [35m[1mScanning dependencies of target wa_pub_test[0m
[2.133s] [ 50%] [32mBuilding CXX object CMakeFiles/wa_pub_test.dir/src/wa_pub_test.cpp.o[0m
[2.143s] [01m[K/home/theo/dev_ws/src/wa_pubsub/src/wa_pub_test.cpp:1:10:[m[K [01;31m[Kfatal error: [m[Kwa_helper/src/wa_publisher.hpp: No such file or directory
[2.143s]     1 | #include [01;31m[K"wa_helper/src/wa_publisher.hpp"[m[K
[2.143s]       |          [01;31m[K^~~~~~~~~~~~~~~~~~~~~~~~~~~~~~~~[m[K
[2.143s] compilation terminated.
[2.144s] make[2]: *** [CMakeFiles/wa_pub_test.dir/build.make:63: CMakeFiles/wa_pub_test.dir/src/wa_pub_test.cpp.o] Error 1
[2.150s] make[1]: *** [CMakeFiles/Makefile2:78: CMakeFiles/wa_pub_test.dir/all] Error 2
[2.150s] make: *** [Makefile:141: all] Error 2
[2.152s] Invoked command in '/home/theo/dev_ws/build/wa_pubsub' returned '2': AMENT_PREFIX_PATH=/home/theo/dev_ws/install/wa_helper:/home/theo/dev_ws/install/tutorial_interfaces:${AMENT_PREFIX_PATH} CMAKE_PREFIX_PATH=/home/theo/dev_ws/install/wa_helper:/home/theo/dev_ws/install/tutorial_interfaces:/opt/ros/foxy LD_LIBRARY_PATH=/home/theo/dev_ws/install/tutorial_interfaces/lib:${LD_LIBRARY_PATH} PYTHONPATH=/home/theo/dev_ws/install/tutorial_interfaces/lib/python3.8/site-packages:${PYTHONPATH} /usr/bin/cmake --build /home/theo/dev_ws/build/wa_pubsub -- -j1 -l1
