-- Found ament_cmake: 0.9.7 (/opt/ros/foxy/share/ament_cmake/cmake)
-- Using PYTHON_EXECUTABLE: /usr/bin/python3
-- Found rclcpp: 2.2.0 (/opt/ros/foxy/share/rclcpp/cmake)
-- Using all available rosidl_typesupport_c: rosidl_typesupport_fastrtps_c;rosidl_typesupport_introspection_c
-- Found rosidl_adapter: 1.1.0 (/opt/ros/foxy/share/rosidl_adapter/cmake)
-- Using all available rosidl_typesupport_cpp: rosidl_typesupport_fastrtps_cpp;rosidl_typesupport_introspection_cpp
-- Found rmw_implementation_cmake: 1.0.1 (/opt/ros/foxy/share/rmw_implementation_cmake/cmake)
-- Using RMW implementation 'rmw_fastrtps_cpp' as default
-- Configuring done
-- Generating done
-- Build files have been written to: /home/theo/dev_ws/build/wa_helper
[ 50%] [32mBuilding CXX object CMakeFiles/wa_publisher.dir/src/wa_publisher.cpp.o[0m
[01m[K/home/theo/dev_ws/src/wa_helper/src/wa_publisher.cpp:1:28:[m[K [01;35m[Kwarning: [m[Kextra tokens at end of #include directive
    1 | #include "wa_publisher.hpp"[01;35m[K;[m[K
      |                            [01;35m[K^[m[K
[01m[K/home/theo/dev_ws/src/wa_helper/src/wa_publisher.cpp:7:13:[m[K [01;31m[Kerror: [m[Kâ€˜[01m[KT[m[Kâ€™ was not declared in this scope
    7 | WAPublisher<[01;31m[KT[m[K>::WAPublisher(std::function<void()> &fn, int delay_ms, int topic_name, int queue_size) : Node("minimal_publisher")
      |             [01;31m[K^[m[K
[01m[K/home/theo/dev_ws/src/wa_helper/src/wa_publisher.cpp:7:14:[m[K [01;31m[Kerror: [m[Ktemplate argument 1 is invalid
    7 | WAPublisher<T[01;31m[K>[m[K::WAPublisher(std::function<void()> &fn, int delay_ms, int topic_name, int queue_size) : Node("minimal_publisher")
      |              [01;31m[K^[m[K
[01m[K/home/theo/dev_ws/src/wa_helper/src/wa_publisher.cpp:7:100:[m[K [01;31m[Kerror: [m[Kâ€˜[01m[Kint WAPublisher(std::function<void()>&, int, int, int)[m[Kâ€™ redeclared as different kind of entity
    7 | APublisher(std::function<void()> &fn, int delay_ms, int topic_name, int queue_size[01;31m[K)[m[K : Node("minimal_publisher")
      |                                                                                   [01;31m[K^[m[K

In file included from [01m[K/home/theo/dev_ws/src/wa_helper/src/wa_publisher.cpp:1[m[K:
[01m[K/home/theo/dev_ws/src/wa_helper/src/wa_publisher.hpp:15:7:[m[K [01;36m[Knote: [m[Kprevious declaration â€˜[01m[Ktemplate<class T> class WAPublisher[m[Kâ€™
   15 | class [01;36m[KWAPublisher[m[K : public rclcpp::Node
      |       [01;36m[K^~~~~~~~~~~[m[K
[01m[K/home/theo/dev_ws/src/wa_helper/src/wa_publisher.cpp:[m[K In function â€˜[01m[Kint WAPublisher(std::function<void()>&, int, int, int)[m[Kâ€™:
[01m[K/home/theo/dev_ws/src/wa_helper/src/wa_publisher.cpp:7:104:[m[K [01;31m[Kerror: [m[Konly constructors take member initializers
    7 | lisher(std::function<void()> &fn, int delay_ms, int topic_name, int queue_size) : [01;31m[KNode[m[K("minimal_publisher")
      |                                                                                   [01;31m[K^~~~[m[K

[01m[K/home/theo/dev_ws/src/wa_helper/src/wa_publisher.cpp:9:5:[m[K [01;31m[Kerror: [m[Kinvalid use of â€˜[01m[Kthis[m[Kâ€™ in non-member function
    9 |     [01;31m[Kthis[m[K->_publisher = this->create_publisher<T>(topic_name, queue_size);
      |     [01;31m[K^~~~[m[K
[01m[K/home/theo/dev_ws/src/wa_helper/src/wa_publisher.cpp:9:24:[m[K [01;31m[Kerror: [m[Kinvalid use of â€˜[01m[Kthis[m[Kâ€™ in non-member function
    9 |     this->_publisher = [01;31m[Kthis[m[K->create_publisher<T>(topic_name, queue_size);
      |                        [01;31m[K^~~~[m[K
[01m[K/home/theo/dev_ws/src/wa_helper/src/wa_publisher.cpp:9:47:[m[K [01;31m[Kerror: [m[Kâ€˜[01m[KT[m[Kâ€™ was not declared in this scope
    9 |     this->_publisher = this->create_publisher<[01;31m[KT[m[K>(topic_name, queue_size);
      |                                               [01;31m[K^[m[K
[01m[K/home/theo/dev_ws/src/wa_helper/src/wa_publisher.cpp:10:5:[m[K [01;31m[Kerror: [m[Kinvalid use of â€˜[01m[Kthis[m[Kâ€™ in non-member function
   10 |     [01;31m[Kthis[m[K->_timer = this->create_wall_timer(std::chrono::milliseconds(delay_ms), std::bind(fn, this));
      |     [01;31m[K^~~~[m[K
[01m[K/home/theo/dev_ws/src/wa_helper/src/wa_publisher.cpp:10:20:[m[K [01;31m[Kerror: [m[Kinvalid use of â€˜[01m[Kthis[m[Kâ€™ in non-member function
   10 |     this->_timer = [01;31m[Kthis[m[K->create_wall_timer(std::chrono::milliseconds(delay_ms), std::bind(fn, this));
      |                    [01;31m[K^~~~[m[K
[01m[K/home/theo/dev_ws/src/wa_helper/src/wa_publisher.cpp:10:95:[m[K [01;31m[Kerror: [m[Kinvalid use of â€˜[01m[Kthis[m[Kâ€™ in non-member function
   10 | imer = this->create_wall_timer(std::chrono::milliseconds(delay_ms), std::bind(fn, [01;31m[Kthis[m[K));
      |                                                                                   [01;31m[K^~~~[m[K

[01m[K/home/theo/dev_ws/src/wa_helper/src/wa_publisher.cpp:11:3:[m[K [01;35m[Kwarning: [m[Kno return statement in function returning non-void [[01;35m[K-Wreturn-type[m[K]
   11 |   [01;35m[K}[m[K
      |   [01;35m[K^[m[K
[01m[K/home/theo/dev_ws/src/wa_helper/src/wa_publisher.cpp:[m[K At global scope:
[01m[K/home/theo/dev_ws/src/wa_helper/src/wa_publisher.cpp:12:1:[m[K [01;31m[Kerror: [m[Kexpected declaration before â€˜[01m[K}[m[Kâ€™ token
   12 | [01;31m[K}[m[K;
      | [01;31m[K^[m[K
make[2]: *** [CMakeFiles/wa_publisher.dir/build.make:63: CMakeFiles/wa_publisher.dir/src/wa_publisher.cpp.o] Error 1
make[1]: *** [CMakeFiles/Makefile2:78: CMakeFiles/wa_publisher.dir/all] Error 2
make: *** [Makefile:141: all] Error 2
