[0.009s] Invoking command in '/home/theo/dev_ws/build/wa_helper': CMAKE_PREFIX_PATH=/opt/ros/foxy /usr/bin/cmake --build /home/theo/dev_ws/build/wa_helper -- -j1 -l1
[0.061s] -- Found ament_cmake: 0.9.7 (/opt/ros/foxy/share/ament_cmake/cmake)
[0.092s] -- Using PYTHON_EXECUTABLE: /usr/bin/python3
[0.386s] -- Found rclcpp: 2.2.0 (/opt/ros/foxy/share/rclcpp/cmake)
[0.426s] -- Using all available rosidl_typesupport_c: rosidl_typesupport_fastrtps_c;rosidl_typesupport_introspection_c
[0.432s] -- Found rosidl_adapter: 1.1.0 (/opt/ros/foxy/share/rosidl_adapter/cmake)
[0.609s] -- Using all available rosidl_typesupport_cpp: rosidl_typesupport_fastrtps_cpp;rosidl_typesupport_introspection_cpp
[0.705s] -- Found rmw_implementation_cmake: 1.0.1 (/opt/ros/foxy/share/rmw_implementation_cmake/cmake)
[0.707s] -- Using RMW implementation 'rmw_fastrtps_cpp' as default
[1.053s] -- Configuring done
[1.063s] -- Generating done
[1.066s] -- Build files have been written to: /home/theo/dev_ws/build/wa_helper
[1.097s] [ 50%] [32mBuilding CXX object CMakeFiles/wa_publisher.dir/src/wa_publisher.cpp.o[0m
[1.106s] [01m[K/home/theo/dev_ws/src/wa_helper/src/wa_publisher.cpp:1:28:[m[K [01;35m[Kwarning: [m[Kextra tokens at end of #include directive
[1.106s]     1 | #include "wa_publisher.hpp"[01;35m[K;[m[K
[1.106s]       |                            [01;35m[K^[m[K
[2.694s] [01m[K/home/theo/dev_ws/src/wa_helper/src/wa_publisher.cpp:7:13:[m[K [01;31m[Kerror: [m[Kâ€˜[01m[KT[m[Kâ€™ was not declared in this scope
[2.695s]     7 | WAPublisher<[01;31m[KT[m[K>::WAPublisher(std::function<void()> &fn, int delay_ms, int topic_name, int queue_size) : Node("minimal_publisher")
[2.695s]       |             [01;31m[K^[m[K
[2.695s] [01m[K/home/theo/dev_ws/src/wa_helper/src/wa_publisher.cpp:7:14:[m[K [01;31m[Kerror: [m[Ktemplate argument 1 is invalid
[2.695s]     7 | WAPublisher<T[01;31m[K>[m[K::WAPublisher(std::function<void()> &fn, int delay_ms, int topic_name, int queue_size) : Node("minimal_publisher")
[2.695s]       |              [01;31m[K^[m[K
[2.695s] [01m[K/home/theo/dev_ws/src/wa_helper/src/wa_publisher.cpp:7:100:[m[K [01;31m[Kerror: [m[Kâ€˜[01m[Kint WAPublisher(std::function<void()>&, int, int, int)[m[Kâ€™ redeclared as different kind of entity
[2.695s]     7 | APublisher(std::function<void()> &fn, int delay_ms, int topic_name, int queue_size[01;31m[K)[m[K : Node("minimal_publisher")
[2.696s]       |                                                                                   [01;31m[K^[m[K
[2.696s] 
[2.696s] In file included from [01m[K/home/theo/dev_ws/src/wa_helper/src/wa_publisher.cpp:1[m[K:
[2.696s] [01m[K/home/theo/dev_ws/src/wa_helper/src/wa_publisher.hpp:15:7:[m[K [01;36m[Knote: [m[Kprevious declaration â€˜[01m[Ktemplate<class T> class WAPublisher[m[Kâ€™
[2.696s]    15 | class [01;36m[KWAPublisher[m[K : public rclcpp::Node
[2.696s]       |       [01;36m[K^~~~~~~~~~~[m[K
[2.697s] [01m[K/home/theo/dev_ws/src/wa_helper/src/wa_publisher.cpp:[m[K In function â€˜[01m[Kint WAPublisher(std::function<void()>&, int, int, int)[m[Kâ€™:
[2.697s] [01m[K/home/theo/dev_ws/src/wa_helper/src/wa_publisher.cpp:7:104:[m[K [01;31m[Kerror: [m[Konly constructors take member initializers
[2.697s]     7 | lisher(std::function<void()> &fn, int delay_ms, int topic_name, int queue_size) : [01;31m[KNode[m[K("minimal_publisher")
[2.697s]       |                                                                                   [01;31m[K^~~~[m[K
[2.697s] 
[2.697s] [01m[K/home/theo/dev_ws/src/wa_helper/src/wa_publisher.cpp:9:5:[m[K [01;31m[Kerror: [m[Kinvalid use of â€˜[01m[Kthis[m[Kâ€™ in non-member function
[2.697s]     9 |     [01;31m[Kthis[m[K->_publisher = this->create_publisher<T>(topic_name, queue_size);
[2.697s]       |     [01;31m[K^~~~[m[K
[2.698s] [01m[K/home/theo/dev_ws/src/wa_helper/src/wa_publisher.cpp:9:24:[m[K [01;31m[Kerror: [m[Kinvalid use of â€˜[01m[Kthis[m[Kâ€™ in non-member function
[2.698s]     9 |     this->_publisher = [01;31m[Kthis[m[K->create_publisher<T>(topic_name, queue_size);
[2.698s]       |                        [01;31m[K^~~~[m[K
[2.699s] [01m[K/home/theo/dev_ws/src/wa_helper/src/wa_publisher.cpp:9:47:[m[K [01;31m[Kerror: [m[Kâ€˜[01m[KT[m[Kâ€™ was not declared in this scope
[2.699s]     9 |     this->_publisher = this->create_publisher<[01;31m[KT[m[K>(topic_name, queue_size);
[2.699s]       |                                               [01;31m[K^[m[K
[2.700s] [01m[K/home/theo/dev_ws/src/wa_helper/src/wa_publisher.cpp:10:5:[m[K [01;31m[Kerror: [m[Kinvalid use of â€˜[01m[Kthis[m[Kâ€™ in non-member function
[2.700s]    10 |     [01;31m[Kthis[m[K->_timer = this->create_wall_timer(std::chrono::milliseconds(delay_ms), std::bind(fn, this));
[2.700s]       |     [01;31m[K^~~~[m[K
[2.700s] [01m[K/home/theo/dev_ws/src/wa_helper/src/wa_publisher.cpp:10:20:[m[K [01;31m[Kerror: [m[Kinvalid use of â€˜[01m[Kthis[m[Kâ€™ in non-member function
[2.700s]    10 |     this->_timer = [01;31m[Kthis[m[K->create_wall_timer(std::chrono::milliseconds(delay_ms), std::bind(fn, this));
[2.700s]       |                    [01;31m[K^~~~[m[K
[2.701s] [01m[K/home/theo/dev_ws/src/wa_helper/src/wa_publisher.cpp:10:95:[m[K [01;31m[Kerror: [m[Kinvalid use of â€˜[01m[Kthis[m[Kâ€™ in non-member function
[2.701s]    10 | imer = this->create_wall_timer(std::chrono::milliseconds(delay_ms), std::bind(fn, [01;31m[Kthis[m[K));
[2.701s]       |                                                                                   [01;31m[K^~~~[m[K
[2.701s] 
[2.701s] [01m[K/home/theo/dev_ws/src/wa_helper/src/wa_publisher.cpp:11:3:[m[K [01;35m[Kwarning: [m[Kno return statement in function returning non-void [[01;35m[K-Wreturn-type[m[K]
[2.701s]    11 |   [01;35m[K}[m[K
[2.707s]       |   [01;35m[K^[m[K
[2.707s] [01m[K/home/theo/dev_ws/src/wa_helper/src/wa_publisher.cpp:[m[K At global scope:
[2.707s] [01m[K/home/theo/dev_ws/src/wa_helper/src/wa_publisher.cpp:12:1:[m[K [01;31m[Kerror: [m[Kexpected declaration before â€˜[01m[K}[m[Kâ€™ token
[2.707s]    12 | [01;31m[K}[m[K;
[2.707s]       | [01;31m[K^[m[K
[3.118s] make[2]: *** [CMakeFiles/wa_publisher.dir/build.make:63: CMakeFiles/wa_publisher.dir/src/wa_publisher.cpp.o] Error 1
[3.120s] make[1]: *** [CMakeFiles/Makefile2:78: CMakeFiles/wa_publisher.dir/all] Error 2
[3.120s] make: *** [Makefile:141: all] Error 2
[3.122s] Invoked command in '/home/theo/dev_ws/build/wa_helper' returned '2': CMAKE_PREFIX_PATH=/opt/ros/foxy /usr/bin/cmake --build /home/theo/dev_ws/build/wa_helper -- -j1 -l1
