[01m[K/home/theo/dev_ws/src/cpp_srvcli/src/add_two_ints_client.cpp:[m[K In function â€˜[01m[Kint main(int, char**)[m[Kâ€™:
[01m[K/home/theo/dev_ws/src/cpp_srvcli/src/add_two_ints_client.cpp:20:95:[m[K [01;31m[Kerror: [m[Kâ€˜[01m[Kexample_interface[m[Kâ€™ was not declared in this scope; did you mean â€˜[01m[Kexample_interfaces[m[Kâ€™?
   20 | ent<example_interfaces::srv::AddTwoInts>::SharedPtr client = node->create_client<[01;31m[Kexample_interface[m[K::src::AddTwoInts>("add_two_ints");
      |                                                                                  [01;31m[K^~~~~~~~~~~~~~~~~[m[K
      |                                                                                  [32m[Kexample_interfaces[m[K
[01m[K/home/theo/dev_ws/src/cpp_srvcli/src/add_two_ints_client.cpp:20:81:[m[K [01;31m[Kerror: [m[Kparse error in template argument list
   20 |   rclcpp::Client<example_interfaces::srv::AddTwoInts>::SharedPtr client = node->[01;31m[Kcreate_client<example_interface::src::AddTwoInts>[m[K("add_two_ints");
      |                                                                                 [01;31m[K^~~~~~~~~~~~~~~~~~~~~~~~~~~~~~~~~~~~~~~~~~~~~~~~~[m[K
[01m[K/home/theo/dev_ws/src/cpp_srvcli/src/add_two_ints_client.cpp:20:145:[m[K [01;31m[Kerror: [m[Kno matching function for call to â€˜[01m[Krclcpp::Node::create_client<<expression error> >(const char [13])[m[Kâ€™
   20 | r client = node->create_client<example_interface::src::AddTwoInts>("add_two_ints"[01;31m[K)[m[K;
      |                                                                                  [01;31m[K^[m[K

In file included from [01m[K/opt/ros/foxy/include/rclcpp/executors/single_threaded_executor.hpp:28[m[K,
                 from [01m[K/opt/ros/foxy/include/rclcpp/executors.hpp:22[m[K,
                 from [01m[K/opt/ros/foxy/include/rclcpp/rclcpp.hpp:146[m[K,
                 from [01m[K/home/theo/dev_ws/src/cpp_srvcli/src/add_two_ints_client.cpp:1[m[K:
[01m[K/opt/ros/foxy/include/rclcpp/node.hpp:246:3:[m[K [01;36m[Knote: [m[Kcandidate: â€˜[01m[Ktemplate<class ServiceT> typename rclcpp::Client<ServiceT>::SharedPtr rclcpp::Node::create_client(const string&, const rmw_qos_profile_t&, rclcpp::CallbackGroup::SharedPtr)[m[Kâ€™
  246 |   [01;36m[Kcreate_client[m[K(
      |   [01;36m[K^~~~~~~~~~~~~[m[K
[01m[K/opt/ros/foxy/include/rclcpp/node.hpp:246:3:[m[K [01;36m[Knote: [m[K  template argument deduction/substitution failed:
[01m[K/home/theo/dev_ws/src/cpp_srvcli/src/add_two_ints_client.cpp:20:145:[m[K [01;31m[Kerror: [m[Ktemplate argument 1 is invalid
   20 | r client = node->create_client<example_interface::src::AddTwoInts>("add_two_ints"[01;31m[K)[m[K;
      |                                                                                  [01;31m[K^[m[K

[01m[K/home/theo/dev_ws/src/cpp_srvcli/src/add_two_ints_client.cpp:22:23:[m[K [01;31m[Kerror: [m[Kparse error in template argument list
   22 |   auto request = std::[01;31m[Kmake_shared<example_interface::srv::AddTwoInts::Request>[m[K();
      |                       [01;31m[K^~~~~~~~~~~~~~~~~~~~~~~~~~~~~~~~~~~~~~~~~~~~~~~~~~~~~~~~[m[K
[01m[K/home/theo/dev_ws/src/cpp_srvcli/src/add_two_ints_client.cpp:22:80:[m[K [01;31m[Kerror: [m[Kno matching function for call to â€˜[01m[Kmake_shared<example_interface>()[m[Kâ€™
   22 |   auto request = std::make_shared<example_interface::srv::AddTwoInts::Request>([01;31m[K)[m[K;
      |                                                                                [01;31m[K^[m[K
In file included from [01m[K/usr/include/c++/9/memory:81[m[K,
                 from [01m[K/opt/ros/foxy/include/rclcpp/rclcpp.hpp:144[m[K,
                 from [01m[K/home/theo/dev_ws/src/cpp_srvcli/src/add_two_ints_client.cpp:1[m[K:
[01m[K/usr/include/c++/9/bits/shared_ptr.h:714:5:[m[K [01;36m[Knote: [m[Kcandidate: â€˜[01m[Ktemplate<class _Tp, class ... _Args> std::shared_ptr<_Tp> std::make_shared(_Args&& ...)[m[Kâ€™
  714 |     [01;36m[Kmake_shared[m[K(_Args&&... __args)
      |     [01;36m[K^~~~~~~~~~~[m[K
[01m[K/usr/include/c++/9/bits/shared_ptr.h:714:5:[m[K [01;36m[Knote: [m[K  template argument deduction/substitution failed:
make[2]: *** [CMakeFiles/client.dir/build.make:63: CMakeFiles/client.dir/src/add_two_ints_client.cpp.o] Error 1
make[1]: *** [CMakeFiles/Makefile2:80: CMakeFiles/client.dir/all] Error 2
make: *** [Makefile:141: all] Error 2
