[0.009s] Invoking command in '/home/theo/dev_ws/build/wa_helper': CMAKE_PREFIX_PATH=/opt/ros/foxy /usr/bin/cmake --build /home/theo/dev_ws/build/wa_helper -- -j1 -l1
[0.088s] [ 50%] [32mBuilding CXX object CMakeFiles/wa_publisher.dir/src/wa_publisher.cpp.o[0m
[1.678s] [01m[K/home/theo/dev_ws/src/wa_helper/src/wa_publisher.cpp:6:37:[m[K [01;31m[Kerror: [m[Kexpected â€˜[01m[K;[m[Kâ€™ before â€˜[01m[Ktemplate[m[Kâ€™
[1.679s]     6 | using namespace std::chrono_literals
[1.679s]       |                                     [01;31m[K^[m[K
[1.679s]       |                                     [32m[K;[m[K
[1.679s] ......
[1.679s]    12 | [32m[Ktemplate[m[K <typename T>
[1.679s]       | [32m[K~~~~~~~~[m[K                             
[1.680s] [01m[K/home/theo/dev_ws/src/wa_helper/src/wa_publisher.cpp:16:3:[m[K [01;31m[Kerror: [m[Kneed â€˜[01m[Ktypename[m[Kâ€™ before â€˜[01m[Krclcpp::Publisher<T>::SharedPtr[m[Kâ€™ because â€˜[01m[Krclcpp::Publisher<T>[m[Kâ€™ is a dependent scope
[1.680s]    16 |   [01;31m[Krclcpp[m[K::Publisher<T>::SharedPtr _publisher;
[1.680s]       |   [01;31m[K^~~~~~[m[K
[1.680s]       |   [32m[Ktypename [m[K
[1.680s] [01m[K/home/theo/dev_ws/src/wa_helper/src/wa_publisher.cpp:25:2:[m[K [01;31m[Kerror: [m[Kexpected â€˜[01m[K;[m[Kâ€™ after class definition
[1.680s]    25 | }
[1.681s]       |  [01;31m[K^[m[K
[1.681s]       |  [32m[K;[m[K
[1.683s] [01m[K/home/theo/dev_ws/src/wa_helper/src/wa_publisher.cpp:[m[K In constructor â€˜[01m[KWAPublisher<T>::WAPublisher(std::function<void()>&, int)[m[Kâ€™:
[1.684s] [01m[K/home/theo/dev_ws/src/wa_helper/src/wa_publisher.cpp:22:5:[m[K [01;31m[Kerror: [m[Kâ€˜[01m[K_publisher[m[Kâ€™ was not declared in this scope; did you mean â€˜[01m[KWAPublisher[m[Kâ€™?
[1.684s]    22 |     [01;31m[K_publisher[m[K = this->create_publisher<T>(this->_topic, this->_queueSize);
[1.684s]       |     [01;31m[K^~~~~~~~~~[m[K
[1.684s]       |     [32m[KWAPublisher[m[K
[1.684s] [01m[K/home/theo/dev_ws/src/wa_helper/src/wa_publisher.cpp:23:48:[m[K [01;31m[Kerror: [m[Kexpected â€˜[01m[K)[m[Kâ€™ before â€˜[01m[Kms[m[Kâ€™
[1.684s]    23 |     _timer = this->create_wall_timer[34m[K([m[K(delay_ms)[01;31m[Km[m[K[32m[Ks[m[K, std::bind(fn, this));
[1.685s]       |                                     [34m[K~[m[K          [01;31m[K^[m[K[32m[K~[m[K
[1.685s]       |                                                [32m[K)[m[K
[2.081s] make[2]: *** [CMakeFiles/wa_publisher.dir/build.make:63: CMakeFiles/wa_publisher.dir/src/wa_publisher.cpp.o] Error 1
[2.085s] make[1]: *** [CMakeFiles/Makefile2:78: CMakeFiles/wa_publisher.dir/all] Error 2
[2.085s] make: *** [Makefile:141: all] Error 2
[2.085s] Invoked command in '/home/theo/dev_ws/build/wa_helper' returned '2': CMAKE_PREFIX_PATH=/opt/ros/foxy /usr/bin/cmake --build /home/theo/dev_ws/build/wa_helper -- -j1 -l1
