[0.020s] Invoking command in '/home/theo/dev_ws/build/cpp_srvcli': CMAKE_PREFIX_PATH=${CMAKE_PREFIX_PATH}:/opt/ros/foxy /usr/bin/cmake --build /home/theo/dev_ws/build/cpp_srvcli -- -j1 -l1
[0.131s] [35m[1mScanning dependencies of target client[0m
[0.205s] [ 25%] [32mBuilding CXX object CMakeFiles/client.dir/src/add_two_ints_client.cpp.o[0m
[2.626s] [01m[K/home/theo/dev_ws/src/cpp_srvcli/src/add_two_ints_client.cpp:[m[K In function â€˜[01m[Kint main(int, char**)[m[Kâ€™:
[2.626s] [01m[K/home/theo/dev_ws/src/cpp_srvcli/src/add_two_ints_client.cpp:21:25:[m[K [01;31m[Kerror: [m[Kâ€˜[01m[Kexample_interface[m[Kâ€™ was not declared in this scope; did you mean â€˜[01m[Kexample_interfaces[m[Kâ€™?
[2.626s]    21 |     node->create_client<[01;31m[Kexample_interface[m[K::src::AddTwoInts>("add_two_ints");
[2.626s]       |                         [01;31m[K^~~~~~~~~~~~~~~~~[m[K
[2.626s]       |                         [32m[Kexample_interfaces[m[K
[2.627s] [01m[K/home/theo/dev_ws/src/cpp_srvcli/src/add_two_ints_client.cpp:21:11:[m[K [01;31m[Kerror: [m[Kparse error in template argument list
[2.627s]    21 |     node->[01;31m[Kcreate_client<example_interface::src::AddTwoInts>[m[K("add_two_ints");
[2.627s]       |           [01;31m[K^~~~~~~~~~~~~~~~~~~~~~~~~~~~~~~~~~~~~~~~~~~~~~~~~[m[K
[2.627s] [01m[K/home/theo/dev_ws/src/cpp_srvcli/src/add_two_ints_client.cpp:21:75:[m[K [01;31m[Kerror: [m[Kno matching function for call to â€˜[01m[Krclcpp::Node::create_client<<expression error> >(const char [13])[m[Kâ€™
[2.628s]    21 |     node->create_client<example_interface::src::AddTwoInts>("add_two_ints"[01;31m[K)[m[K;
[2.628s]       |                                                                           [01;31m[K^[m[K
[2.628s] In file included from [01m[K/opt/ros/foxy/include/rclcpp/executors/single_threaded_executor.hpp:28[m[K,
[2.628s]                  from [01m[K/opt/ros/foxy/include/rclcpp/executors.hpp:22[m[K,
[2.629s]                  from [01m[K/opt/ros/foxy/include/rclcpp/rclcpp.hpp:146[m[K,
[2.629s]                  from [01m[K/home/theo/dev_ws/src/cpp_srvcli/src/add_two_ints_client.cpp:1[m[K:
[2.629s] [01m[K/opt/ros/foxy/include/rclcpp/node.hpp:246:3:[m[K [01;36m[Knote: [m[Kcandidate: â€˜[01m[Ktemplate<class ServiceT> typename rclcpp::Client<ServiceT>::SharedPtr rclcpp::Node::create_client(const string&, const rmw_qos_profile_t&, rclcpp::CallbackGroup::SharedPtr)[m[Kâ€™
[2.629s]   246 |   [01;36m[Kcreate_client[m[K(
[2.629s]       |   [01;36m[K^~~~~~~~~~~~~[m[K
[2.630s] [01m[K/opt/ros/foxy/include/rclcpp/node.hpp:246:3:[m[K [01;36m[Knote: [m[K  template argument deduction/substitution failed:
[2.630s] [01m[K/home/theo/dev_ws/src/cpp_srvcli/src/add_two_ints_client.cpp:21:75:[m[K [01;31m[Kerror: [m[Ktemplate argument 1 is invalid
[2.630s]    21 |     node->create_client<example_interface::src::AddTwoInts>("add_two_ints"[01;31m[K)[m[K;
[2.630s]       |                                                                           [01;31m[K^[m[K
[2.631s] [01m[K/home/theo/dev_ws/src/cpp_srvcli/src/add_two_ints_client.cpp:23:23:[m[K [01;31m[Kerror: [m[Kparse error in template argument list
[2.631s]    23 |   auto request = std::[01;31m[Kmake_shared<example_interface::srv::AddTwoInts::Request>[m[K();
[2.631s]       |                       [01;31m[K^~~~~~~~~~~~~~~~~~~~~~~~~~~~~~~~~~~~~~~~~~~~~~~~~~~~~~~~[m[K
[2.631s] [01m[K/home/theo/dev_ws/src/cpp_srvcli/src/add_two_ints_client.cpp:23:80:[m[K [01;31m[Kerror: [m[Kno matching function for call to â€˜[01m[Kmake_shared<example_interface>()[m[Kâ€™
[2.632s]    23 |   auto request = std::make_shared<example_interface::srv::AddTwoInts::Request>([01;31m[K)[m[K;
[2.632s]       |                                                                                [01;31m[K^[m[K
[2.635s] In file included from [01m[K/usr/include/c++/9/memory:81[m[K,
[2.635s]                  from [01m[K/opt/ros/foxy/include/rclcpp/rclcpp.hpp:144[m[K,
[2.636s]                  from [01m[K/home/theo/dev_ws/src/cpp_srvcli/src/add_two_ints_client.cpp:1[m[K:
[2.637s] [01m[K/usr/include/c++/9/bits/shared_ptr.h:714:5:[m[K [01;36m[Knote: [m[Kcandidate: â€˜[01m[Ktemplate<class _Tp, class ... _Args> std::shared_ptr<_Tp> std::make_shared(_Args&& ...)[m[Kâ€™
[2.637s]   714 |     [01;36m[Kmake_shared[m[K(_Args&&... __args)
[2.637s]       |     [01;36m[K^~~~~~~~~~~[m[K
[2.637s] [01m[K/usr/include/c++/9/bits/shared_ptr.h:714:5:[m[K [01;36m[Knote: [m[K  template argument deduction/substitution failed:
[2.637s] [01m[K/home/theo/dev_ws/src/cpp_srvcli/src/add_two_ints_client.cpp:36:48:[m[K [01;31m[Kerror: [m[Kâ€˜[01m[Kresult[m[Kâ€™ was not declared in this scope
[2.637s]    36 |   if (rclcpp::spin_until_future_complete(node, [01;31m[Kresult[m[K) == rclcpp::FutureReturnCode::SUCCESS) {
[2.638s]       |                                                [01;31m[K^~~~~~[m[K
[3.252s] make[2]: *** [CMakeFiles/client.dir/build.make:63: CMakeFiles/client.dir/src/add_two_ints_client.cpp.o] Error 1
[3.257s] make[1]: *** [CMakeFiles/Makefile2:80: CMakeFiles/client.dir/all] Error 2
[3.257s] make: *** [Makefile:141: all] Error 2
[3.258s] Invoked command in '/home/theo/dev_ws/build/cpp_srvcli' returned '2': CMAKE_PREFIX_PATH=${CMAKE_PREFIX_PATH}:/opt/ros/foxy /usr/bin/cmake --build /home/theo/dev_ws/build/cpp_srvcli -- -j1 -l1
