[35m[1mScanning dependencies of target listener[0m
[ 25%] [32mBuilding CXX object CMakeFiles/listener.dir/src/subscriber_member_function.cpp.o[0m
[ 50%] [32m[1mLinking CXX executable listener[0m
[ 50%] Built target listener
[35m[1mScanning dependencies of target talker[0m
[ 75%] [32mBuilding CXX object CMakeFiles/talker.dir/src/publisher_member_function.cpp.o[0m
[01m[K/home/theo/dev_ws/src/cpp_pubsub/src/publisher_member_function.cpp:[m[K In member function â€˜[01m[Kvoid MinimalPublisher::timer_callback()[m[Kâ€™:
[01m[K/home/theo/dev_ws/src/cpp_pubsub/src/publisher_member_function.cpp:27:23:[m[K [01;31m[Kerror: [m[Kfound â€˜[01m[K:[m[Kâ€™ in nested-name-specifier, expected â€˜[01m[K::[m[Kâ€™
   27 |     auto message = std[01;31m[K:[m[Kmsgs::msg::String();
      |                       [01;31m[K^[m[K
      |                       [32m[K::[m[K
[01m[K/home/theo/dev_ws/src/cpp_pubsub/src/publisher_member_function.cpp:27:24:[m[K [01;31m[Kerror: [m[Kâ€˜[01m[Kstd::msgs[m[Kâ€™ has not been declared
   27 |     auto message = std:[01;31m[Kmsgs[m[K::msg::String();
      |                        [01;31m[K^~~~[m[K
make[2]: *** [CMakeFiles/talker.dir/build.make:63: CMakeFiles/talker.dir/src/publisher_member_function.cpp.o] Error 1
make[1]: *** [CMakeFiles/Makefile2:107: CMakeFiles/talker.dir/all] Error 2
make: *** [Makefile:141: all] Error 2
