[0.013s] Invoking command in '/home/theo/dev_ws/build/cpp_pubsub': CMAKE_PREFIX_PATH=/opt/ros/foxy /usr/bin/cmake --build /home/theo/dev_ws/build/cpp_pubsub -- -j1 -l1
[0.080s] [35m[1mScanning dependencies of target listener[0m
[0.114s] [ 25%] [32mBuilding CXX object CMakeFiles/listener.dir/src/subscriber_member_function.cpp.o[0m
[5.875s] [ 50%] [32m[1mLinking CXX executable listener[0m
[6.157s] [ 50%] Built target listener
[6.170s] [35m[1mScanning dependencies of target talker[0m
[6.214s] [ 75%] [32mBuilding CXX object CMakeFiles/talker.dir/src/publisher_member_function.cpp.o[0m
[7.814s] [01m[K/home/theo/dev_ws/src/cpp_pubsub/src/publisher_member_function.cpp:[m[K In member function â€˜[01m[Kvoid MinimalPublisher::timer_callback()[m[Kâ€™:
[7.814s] [01m[K/home/theo/dev_ws/src/cpp_pubsub/src/publisher_member_function.cpp:27:23:[m[K [01;31m[Kerror: [m[Kfound â€˜[01m[K:[m[Kâ€™ in nested-name-specifier, expected â€˜[01m[K::[m[Kâ€™
[7.814s]    27 |     auto message = std[01;31m[K:[m[Kmsgs::msg::String();
[7.814s]       |                       [01;31m[K^[m[K
[7.814s]       |                       [32m[K::[m[K
[7.815s] [01m[K/home/theo/dev_ws/src/cpp_pubsub/src/publisher_member_function.cpp:27:24:[m[K [01;31m[Kerror: [m[Kâ€˜[01m[Kstd::msgs[m[Kâ€™ has not been declared
[7.815s]    27 |     auto message = std:[01;31m[Kmsgs[m[K::msg::String();
[7.815s]       |                        [01;31m[K^~~~[m[K
[8.825s] make[2]: *** [CMakeFiles/talker.dir/build.make:63: CMakeFiles/talker.dir/src/publisher_member_function.cpp.o] Error 1
[8.829s] make[1]: *** [CMakeFiles/Makefile2:107: CMakeFiles/talker.dir/all] Error 2
[8.829s] make: *** [Makefile:141: all] Error 2
[8.829s] Invoked command in '/home/theo/dev_ws/build/cpp_pubsub' returned '2': CMAKE_PREFIX_PATH=/opt/ros/foxy /usr/bin/cmake --build /home/theo/dev_ws/build/cpp_pubsub -- -j1 -l1
