[35m[1mScanning dependencies of target wa_publisher[0m
[ 50%] [32mBuilding CXX object CMakeFiles/wa_publisher.dir/src/wa_publisher.cpp.o[0m
[01m[K/home/theo/dev_ws/src/wa_helper/src/wa_publisher.cpp:15:3:[m[K [01;31m[Kerror: [m[Kneed â€˜[01m[Ktypename[m[Kâ€™ before â€˜[01m[Krclcpp::Publisher<T>::SharedPtr[m[Kâ€™ because â€˜[01m[Krclcpp::Publisher<T>[m[Kâ€™ is a dependent scope
   15 |   [01;31m[Krclcpp[m[K::Publisher<T>::SharedPtr _publisher;
      |   [01;31m[K^~~~~~[m[K
      |   [32m[Ktypename [m[K
[01m[K/home/theo/dev_ws/src/wa_helper/src/wa_publisher.cpp:[m[K In constructor â€˜[01m[KWAPublisher<T>::WAPublisher(std::function<void()>&, int, int, int)[m[Kâ€™:
[01m[K/home/theo/dev_ws/src/wa_helper/src/wa_publisher.cpp:21:5:[m[K [01;31m[Kerror: [m[Kâ€˜[01m[K_publisher[m[Kâ€™ was not declared in this scope; did you mean â€˜[01m[KWAPublisher[m[Kâ€™?
   21 |     [01;31m[K_publisher[m[K = this->create_publisher<T>(topic_name, queue_size);
      |     [01;31m[K^~~~~~~~~~[m[K
      |     [32m[KWAPublisher[m[K
make[2]: *** [CMakeFiles/wa_publisher.dir/build.make:63: CMakeFiles/wa_publisher.dir/src/wa_publisher.cpp.o] Error 1
make[1]: *** [CMakeFiles/Makefile2:78: CMakeFiles/wa_publisher.dir/all] Error 2
make: *** [Makefile:141: all] Error 2
