[0.025s] Invoking command in '/home/theo/dev_ws/build/cpp_srvcli': CMAKE_PREFIX_PATH=${CMAKE_PREFIX_PATH}:/opt/ros/foxy /usr/bin/cmake /home/theo/dev_ws/src/cpp_srvcli -DCMAKE_INSTALL_PREFIX=/home/theo/dev_ws/install/cpp_srvcli
[0.456s] -- The C compiler identification is GNU 9.3.0
[0.925s] -- The CXX compiler identification is GNU 9.3.0
[0.967s] -- Check for working C compiler: /usr/bin/cc
[1.124s] -- Check for working C compiler: /usr/bin/cc -- works
[1.129s] -- Detecting C compiler ABI info
[1.252s] -- Detecting C compiler ABI info - done
[1.286s] -- Detecting C compile features
[1.288s] -- Detecting C compile features - done
[1.297s] -- Check for working CXX compiler: /usr/bin/c++
[1.496s] -- Check for working CXX compiler: /usr/bin/c++ -- works
[1.499s] -- Detecting CXX compiler ABI info
[1.695s] -- Detecting CXX compiler ABI info - done
[1.729s] -- Detecting CXX compile features
[1.730s] -- Detecting CXX compile features - done
[1.736s] -- Found ament_cmake: 0.9.7 (/opt/ros/foxy/share/ament_cmake/cmake)
[1.839s] -- Found PythonInterp: /usr/bin/python3 (found suitable version "3.8.5", minimum required is "3") 
[1.840s] -- Using PYTHON_EXECUTABLE: /usr/bin/python3
[2.432s] -- Found rclcpp: 2.2.0 (/opt/ros/foxy/share/rclcpp/cmake)
[2.661s] -- Using all available rosidl_typesupport_c: rosidl_typesupport_fastrtps_c;rosidl_typesupport_introspection_c
[2.699s] -- Found rosidl_adapter: 1.1.0 (/opt/ros/foxy/share/rosidl_adapter/cmake)
[3.013s] -- Found OpenSSL: /usr/lib/x86_64-linux-gnu/libcrypto.so (found version "1.1.1f")  
[3.126s] -- Found FastRTPS: /opt/ros/foxy/include  
[3.510s] -- Using all available rosidl_typesupport_cpp: rosidl_typesupport_fastrtps_cpp;rosidl_typesupport_introspection_cpp
[3.849s] -- Found rmw_implementation_cmake: 1.0.1 (/opt/ros/foxy/share/rmw_implementation_cmake/cmake)
[3.870s] -- Using RMW implementation 'rmw_fastrtps_cpp' as default
[3.878s] -- Looking for pthread.h
[4.148s] -- Looking for pthread.h - found
[4.150s] -- Performing Test CMAKE_HAVE_LIBC_PTHREAD
[4.495s] -- Performing Test CMAKE_HAVE_LIBC_PTHREAD - Failed
[4.495s] -- Looking for pthread_create in pthreads
[4.653s] -- Looking for pthread_create in pthreads - not found
[4.654s] -- Looking for pthread_create in pthread
[4.794s] -- Looking for pthread_create in pthread - found
[4.798s] -- Found Threads: TRUE  
[5.792s] -- Found example_interfaces: 0.9.0 (/opt/ros/foxy/share/example_interfaces/cmake)
[6.297s] CMake Error at /opt/ros/foxy/share/ament_cmake_target_dependencies/cmake/ament_target_dependencies.cmake:66 (message):
[6.297s]   ament_target_dependencies() the passed package name 'rlcpp' was not found
[6.298s]   before
[6.298s] Call Stack (most recent call first):
[6.298s]   CMakeLists.txt:14 (ament_target_dependencies)
[6.299s] 
[6.299s] 
[6.305s] -- Configuring incomplete, errors occurred!
[6.305s] See also "/home/theo/dev_ws/build/cpp_srvcli/CMakeFiles/CMakeOutput.log".
[6.306s] See also "/home/theo/dev_ws/build/cpp_srvcli/CMakeFiles/CMakeError.log".
[6.329s] Invoked command in '/home/theo/dev_ws/build/cpp_srvcli' returned '1': CMAKE_PREFIX_PATH=${CMAKE_PREFIX_PATH}:/opt/ros/foxy /usr/bin/cmake /home/theo/dev_ws/src/cpp_srvcli -DCMAKE_INSTALL_PREFIX=/home/theo/dev_ws/install/cpp_srvcli
[6.384s] Traceback (most recent call last):
  File "/usr/lib/python3/dist-packages/colcon_core/executor/__init__.py", line 91, in __call__
    rc = await self.task(*args, **kwargs)
  File "/usr/lib/python3/dist-packages/colcon_core/task/__init__.py", line 93, in __call__
    return await task_method(*args, **kwargs)
  File "/usr/lib/python3/dist-packages/colcon_ros/task/ament_cmake/build.py", line 66, in build
    if await has_target(args.build_base, 'install'):
  File "/usr/lib/python3/dist-packages/colcon_cmake/task/cmake/__init__.py", line 57, in has_target
    return target in await get_makefile_targets(path)
  File "/usr/lib/python3/dist-packages/colcon_cmake/task/cmake/__init__.py", line 77, in get_makefile_targets
    output = await check_output([
  File "/usr/lib/python3/dist-packages/colcon_core/subprocess.py", line 109, in check_output
    assert not rc, \
AssertionError: Expected ['/usr/bin/cmake', '--build', '/home/theo/dev_ws/build/cpp_srvcli', '--target', 'help'] to pass: make: *** No rule to make target 'help'.  Stop.

