[0.015s] Invoking command in '/home/theo/dev_ws/build/cpp_pubsub': AMENT_PREFIX_PATH=/home/theo/dev_ws/install/tutorial_interfaces:${AMENT_PREFIX_PATH} CMAKE_PREFIX_PATH=/home/theo/dev_ws/install/tutorial_interfaces:/opt/ros/foxy LD_LIBRARY_PATH=/home/theo/dev_ws/install/tutorial_interfaces/lib:${LD_LIBRARY_PATH} PYTHONPATH=/home/theo/dev_ws/install/tutorial_interfaces/lib/python3.8/site-packages:${PYTHONPATH} /usr/bin/cmake --build /home/theo/dev_ws/build/cpp_pubsub -- -j1 -l1
[0.055s] -- Found ament_cmake: 0.9.7 (/opt/ros/foxy/share/ament_cmake/cmake)
[0.086s] -- Using PYTHON_EXECUTABLE: /usr/bin/python3
[0.389s] -- Found rclcpp: 2.2.0 (/opt/ros/foxy/share/rclcpp/cmake)
[0.430s] -- Using all available rosidl_typesupport_c: rosidl_typesupport_fastrtps_c;rosidl_typesupport_introspection_c
[0.436s] -- Found rosidl_adapter: 1.1.0 (/opt/ros/foxy/share/rosidl_adapter/cmake)
[0.611s] -- Using all available rosidl_typesupport_cpp: rosidl_typesupport_fastrtps_cpp;rosidl_typesupport_introspection_cpp
[0.703s] -- Found rmw_implementation_cmake: 1.0.1 (/opt/ros/foxy/share/rmw_implementation_cmake/cmake)
[0.705s] -- Using RMW implementation 'rmw_fastrtps_cpp' as default
[0.963s] -- Found tutorial_interfaces: 0.0.0 (/home/theo/dev_ws/install/tutorial_interfaces/share/tutorial_interfaces/cmake)
[1.062s] -- Configuring done
[1.082s] -- Generating done
[1.085s] -- Build files have been written to: /home/theo/dev_ws/build/cpp_pubsub
[1.114s] [35m[1mScanning dependencies of target listener[0m
[1.148s] [ 25%] [32mBuilding CXX object CMakeFiles/listener.dir/src/subscriber_member_function.cpp.o[0m
[1.294s] [01m[K/home/theo/dev_ws/src/cpp_pubsub/src/subscriber_member_function.cpp:30:[m[K [01;31m[Kerror: [m[Kunterminated argument list invoking macro "RCLCPP_INFO"
[1.294s]    30 | }
[1.295s]       | 
[2.786s] [01m[K/home/theo/dev_ws/src/cpp_pubsub/src/subscriber_member_function.cpp:20:5:[m[K [01;31m[Kerror: [m[Kexpected â€˜[01m[K}[m[Kâ€™ at end of input
[2.786s]    20 |     [01;31m[KRCLCPP_INFO[m[K(this->get_logger(), "Heard: '%s'", msg->num;
[2.786s]       |     [01;31m[K^~~~~~~~~~~[m[K
[2.786s] [01m[K/home/theo/dev_ws/src/cpp_pubsub/src/subscriber_member_function.cpp:9:1:[m[K [01;36m[Knote: [m[Kto match this â€˜[01m[K{[m[Kâ€™
[2.786s]     9 | [01;36m[K{[m[K
[2.786s]       | [01;36m[K^[m[K
[2.790s] [01m[K/home/theo/dev_ws/src/cpp_pubsub/src/subscriber_member_function.cpp:[m[K In constructor â€˜[01m[KMinimalSubscriber::MinimalSubscriber()[m[Kâ€™:
[2.790s] [01m[K/home/theo/dev_ws/src/cpp_pubsub/src/subscriber_member_function.cpp:14:5:[m[K [01;31m[Kerror: [m[Kâ€˜[01m[Ksubscription_[m[Kâ€™ was not declared in this scope; did you mean â€˜[01m[Krcl_subscription_t[m[Kâ€™?
[2.790s]    14 |     [01;31m[Ksubscription_[m[K = this->create_subscription<tutorial_interfaces::msg::Num>(
[2.790s]       |     [01;31m[K^~~~~~~~~~~~~[m[K
[2.790s]       |     [32m[Krcl_subscription_t[m[K
[2.817s] [01m[K/home/theo/dev_ws/src/cpp_pubsub/src/subscriber_member_function.cpp:[m[K In member function â€˜[01m[Kvoid MinimalSubscriber::topic_callback(tutorial_interfaces::msg::Num_<std::allocator<void> >::SharedPtr) const[m[Kâ€™:
[2.817s] [01m[K/home/theo/dev_ws/src/cpp_pubsub/src/subscriber_member_function.cpp:20:5:[m[K [01;31m[Kerror: [m[Kâ€˜[01m[KRCLCPP_INFO[m[Kâ€™ was not declared in this scope
[2.817s]    20 |     [01;31m[KRCLCPP_INFO[m[K(this->get_logger(), "Heard: '%s'", msg->num;
[2.817s]       |     [01;31m[K^~~~~~~~~~~[m[K
[2.817s] [01m[K/home/theo/dev_ws/src/cpp_pubsub/src/subscriber_member_function.cpp:20:5:[m[K [01;31m[Kerror: [m[Kexpected â€˜[01m[K}[m[Kâ€™ at end of input
[2.817s] [01m[K/home/theo/dev_ws/src/cpp_pubsub/src/subscriber_member_function.cpp:19:81:[m[K [01;36m[Knote: [m[Kto match this â€˜[01m[K{[m[Kâ€™
[2.818s]    19 |   void topic_callback(const tutorial_interfaces::msg::Num::SharedPtr msg) const [01;36m[K{[m[K
[2.818s]       |                                                                                 [01;36m[K^[m[K
[2.818s] [01m[K/home/theo/dev_ws/src/cpp_pubsub/src/subscriber_member_function.cpp:19:70:[m[K [01;35m[Kwarning: [m[Kunused parameter â€˜[01m[Kmsg[m[Kâ€™ [[01;35m[K-Wunused-parameter[m[K]
[2.818s]    19 |   void topic_callback([01;35m[Kconst tutorial_interfaces::msg::Num::SharedPtr msg[m[K) const {
[2.818s]       |                       [01;35m[K~~~~~~~~~~~~~~~~~~~~~~~~~~~~~~~~~~~~~~~~~~~~~~~^~~[m[K
[2.818s] [01m[K/home/theo/dev_ws/src/cpp_pubsub/src/subscriber_member_function.cpp:[m[K At global scope:
[2.819s] [01m[K/home/theo/dev_ws/src/cpp_pubsub/src/subscriber_member_function.cpp:20:5:[m[K [01;31m[Kerror: [m[Kexpected unqualified-id at end of input
[2.819s]    20 |     [01;31m[KRCLCPP_INFO[m[K(this->get_logger(), "Heard: '%s'", msg->num;
[2.819s]       |     [01;31m[K^~~~~~~~~~~[m[K
[4.499s] make[2]: *** [CMakeFiles/listener.dir/build.make:63: CMakeFiles/listener.dir/src/subscriber_member_function.cpp.o] Error 1
[4.501s] make[1]: *** [CMakeFiles/Makefile2:80: CMakeFiles/listener.dir/all] Error 2
[4.501s] make: *** [Makefile:141: all] Error 2
[4.503s] Invoked command in '/home/theo/dev_ws/build/cpp_pubsub' returned '2': AMENT_PREFIX_PATH=/home/theo/dev_ws/install/tutorial_interfaces:${AMENT_PREFIX_PATH} CMAKE_PREFIX_PATH=/home/theo/dev_ws/install/tutorial_interfaces:/opt/ros/foxy LD_LIBRARY_PATH=/home/theo/dev_ws/install/tutorial_interfaces/lib:${LD_LIBRARY_PATH} PYTHONPATH=/home/theo/dev_ws/install/tutorial_interfaces/lib/python3.8/site-packages:${PYTHONPATH} /usr/bin/cmake --build /home/theo/dev_ws/build/cpp_pubsub -- -j1 -l1
