[0.012s] Invoking command in '/home/theo/dev_ws/build/wa_helper': CMAKE_PREFIX_PATH=/opt/ros/foxy /usr/bin/cmake --build /home/theo/dev_ws/build/wa_helper -- -j1 -l1
[0.084s] [ 50%] [32mBuilding CXX object CMakeFiles/wa_publisher.dir/src/wa_publisher.cpp.o[0m
[0.093s] [01m[K/home/theo/dev_ws/src/wa_helper/src/wa_publisher.cpp:1:28:[m[K [01;35m[Kwarning: [m[Kextra tokens at end of #include directive
[0.093s]     1 | #include "wa_publisher.hpp"[01;35m[K;[m[K
[0.093s]       |                            [01;35m[K^[m[K
[1.730s] [01m[K/home/theo/dev_ws/src/wa_helper/src/wa_publisher.cpp:7:13:[m[K [01;31m[Kerror: [m[Kâ€˜[01m[KT[m[Kâ€™ was not declared in this scope
[1.730s]     7 | WAPublisher<[01;31m[KT[m[K>::WAPublisher(std::function<void()> &fn, int delay_ms, int topic_name, int queue_size) : Node("minimal_publisher")
[1.731s]       |             [01;31m[K^[m[K
[1.731s] [01m[K/home/theo/dev_ws/src/wa_helper/src/wa_publisher.cpp:7:14:[m[K [01;31m[Kerror: [m[Ktemplate argument 1 is invalid
[1.731s]     7 | WAPublisher<T[01;31m[K>[m[K::WAPublisher(std::function<void()> &fn, int delay_ms, int topic_name, int queue_size) : Node("minimal_publisher")
[1.731s]       |              [01;31m[K^[m[K
[1.731s] [01m[K/home/theo/dev_ws/src/wa_helper/src/wa_publisher.cpp:7:100:[m[K [01;31m[Kerror: [m[Kâ€˜[01m[Kint WAPublisher(std::function<void()>&, int, int, int)[m[Kâ€™ redeclared as different kind of entity
[1.731s]     7 | APublisher(std::function<void()> &fn, int delay_ms, int topic_name, int queue_size[01;31m[K)[m[K : Node("minimal_publisher")
[1.732s]       |                                                                                   [01;31m[K^[m[K
[1.732s] 
[1.732s] In file included from [01m[K/home/theo/dev_ws/src/wa_helper/src/wa_publisher.cpp:1[m[K:
[1.732s] [01m[K/home/theo/dev_ws/src/wa_helper/src/wa_publisher.hpp:15:7:[m[K [01;36m[Knote: [m[Kprevious declaration â€˜[01m[Ktemplate<class T> class WAPublisher[m[Kâ€™
[1.732s]    15 | class [01;36m[KWAPublisher[m[K : public rclcpp::Node
[1.732s]       |       [01;36m[K^~~~~~~~~~~[m[K
[1.732s] [01m[K/home/theo/dev_ws/src/wa_helper/src/wa_publisher.cpp:[m[K In function â€˜[01m[Kint WAPublisher(std::function<void()>&, int, int, int)[m[Kâ€™:
[1.733s] [01m[K/home/theo/dev_ws/src/wa_helper/src/wa_publisher.cpp:7:104:[m[K [01;31m[Kerror: [m[Konly constructors take member initializers
[1.733s]     7 | lisher(std::function<void()> &fn, int delay_ms, int topic_name, int queue_size) : [01;31m[KNode[m[K("minimal_publisher")
[1.733s]       |                                                                                   [01;31m[K^~~~[m[K
[1.733s] 
[1.733s] [01m[K/home/theo/dev_ws/src/wa_helper/src/wa_publisher.cpp:9:3:[m[K [01;31m[Kerror: [m[Kinvalid use of â€˜[01m[Kthis[m[Kâ€™ in non-member function
[1.733s]     9 |   [01;31m[Kthis[m[K->_publisher = this->create_publisher<T>(topic_name, queue_size);
[1.733s]       |   [01;31m[K^~~~[m[K
[1.734s] [01m[K/home/theo/dev_ws/src/wa_helper/src/wa_publisher.cpp:9:22:[m[K [01;31m[Kerror: [m[Kinvalid use of â€˜[01m[Kthis[m[Kâ€™ in non-member function
[1.734s]     9 |   this->_publisher = [01;31m[Kthis[m[K->create_publisher<T>(topic_name, queue_size);
[1.734s]       |                      [01;31m[K^~~~[m[K
[1.735s] [01m[K/home/theo/dev_ws/src/wa_helper/src/wa_publisher.cpp:9:45:[m[K [01;31m[Kerror: [m[Kâ€˜[01m[KT[m[Kâ€™ was not declared in this scope
[1.735s]     9 |   this->_publisher = this->create_publisher<[01;31m[KT[m[K>(topic_name, queue_size);
[1.735s]       |                                             [01;31m[K^[m[K
[1.736s] [01m[K/home/theo/dev_ws/src/wa_helper/src/wa_publisher.cpp:10:3:[m[K [01;31m[Kerror: [m[Kinvalid use of â€˜[01m[Kthis[m[Kâ€™ in non-member function
[1.736s]    10 |   [01;31m[Kthis[m[K->_timer = this->create_wall_timer(std::chrono::milliseconds(delay_ms), std::bind(fn, this));
[1.736s]       |   [01;31m[K^~~~[m[K
[1.736s] [01m[K/home/theo/dev_ws/src/wa_helper/src/wa_publisher.cpp:10:18:[m[K [01;31m[Kerror: [m[Kinvalid use of â€˜[01m[Kthis[m[Kâ€™ in non-member function
[1.739s]    10 |   this->_timer = [01;31m[Kthis[m[K->create_wall_timer(std::chrono::milliseconds(delay_ms), std::bind(fn, this));
[1.739s]       |                  [01;31m[K^~~~[m[K
[1.740s] [01m[K/home/theo/dev_ws/src/wa_helper/src/wa_publisher.cpp:10:93:[m[K [01;31m[Kerror: [m[Kinvalid use of â€˜[01m[Kthis[m[Kâ€™ in non-member function
[1.740s]    10 |   this->_timer = this->create_wall_timer(std::chrono::milliseconds(delay_ms), std::bind(fn, [01;31m[Kthis[m[K));
[1.740s]       |                                                                                             [01;31m[K^~~~[m[K
[1.740s] [01m[K/home/theo/dev_ws/src/wa_helper/src/wa_publisher.cpp:11:1:[m[K [01;35m[Kwarning: [m[Kno return statement in function returning non-void [[01;35m[K-Wreturn-type[m[K]
[1.744s]    11 | [01;35m[K}[m[K;
[1.744s]       | [01;35m[K^[m[K
[2.145s] make[2]: *** [CMakeFiles/wa_publisher.dir/build.make:63: CMakeFiles/wa_publisher.dir/src/wa_publisher.cpp.o] Error 1
[2.148s] make[1]: *** [CMakeFiles/Makefile2:78: CMakeFiles/wa_publisher.dir/all] Error 2
[2.149s] make: *** [Makefile:141: all] Error 2
[2.149s] Invoked command in '/home/theo/dev_ws/build/wa_helper' returned '2': CMAKE_PREFIX_PATH=/opt/ros/foxy /usr/bin/cmake --build /home/theo/dev_ws/build/wa_helper -- -j1 -l1
