[01m[K/home/theo/dev_ws/src/cpp_pubsub/src/publisher_member_function.cpp:[m[K In member function â€˜[01m[Kvoid MinimalPublisher::timer_callback()[m[Kâ€™:
[01m[K/home/theo/dev_ws/src/cpp_pubsub/src/publisher_member_function.cpp:27:25:[m[K [01;31m[Kerror: [m[Kâ€˜[01m[Kstd::msgs[m[Kâ€™ has not been declared
   27 |     auto message = std::[01;31m[Kmsgs[m[K::msg::String();
      |                         [01;31m[K^~~~[m[K
make[2]: *** [CMakeFiles/talker.dir/build.make:63: CMakeFiles/talker.dir/src/publisher_member_function.cpp.o] Error 1
make[1]: *** [CMakeFiles/Makefile2:107: CMakeFiles/talker.dir/all] Error 2
make: *** [Makefile:141: all] Error 2
