[0.009s] Invoking command in '/home/theo/dev_ws/build/cpp_pubsub': CMAKE_PREFIX_PATH=/opt/ros/foxy /usr/bin/cmake --build /home/theo/dev_ws/build/cpp_pubsub -- -j1 -l1
[0.094s] [ 50%] Built target listener
[0.113s] [35m[1mScanning dependencies of target talker[0m
[0.163s] [ 75%] [32mBuilding CXX object CMakeFiles/talker.dir/src/publisher_member_function.cpp.o[0m
[1.909s] [01m[K/home/theo/dev_ws/src/cpp_pubsub/src/publisher_member_function.cpp:[m[K In member function â€˜[01m[Kvoid MinimalPublisher::timer_callback()[m[Kâ€™:
[1.909s] [01m[K/home/theo/dev_ws/src/cpp_pubsub/src/publisher_member_function.cpp:27:25:[m[K [01;31m[Kerror: [m[Kâ€˜[01m[Kstd::msgs[m[Kâ€™ has not been declared
[1.909s]    27 |     auto message = std::[01;31m[Kmsgs[m[K::msg::String();
[1.909s]       |                         [01;31m[K^~~~[m[K
[3.217s] make[2]: *** [CMakeFiles/talker.dir/build.make:63: CMakeFiles/talker.dir/src/publisher_member_function.cpp.o] Error 1
[3.219s] make[1]: *** [CMakeFiles/Makefile2:107: CMakeFiles/talker.dir/all] Error 2
[3.219s] make: *** [Makefile:141: all] Error 2
[3.221s] Invoked command in '/home/theo/dev_ws/build/cpp_pubsub' returned '2': CMAKE_PREFIX_PATH=/opt/ros/foxy /usr/bin/cmake --build /home/theo/dev_ws/build/cpp_pubsub -- -j1 -l1
