[0.014s] Invoking command in '/home/theo/dev_ws/build/wa_helper': CMAKE_PREFIX_PATH=${CMAKE_PREFIX_PATH}:/home/theo/dev_ws/install/py_pubsub:/opt/ros/foxy /usr/bin/cmake --build /home/theo/dev_ws/build/wa_helper -- -j1 -l1
[0.082s] [35m[1mScanning dependencies of target wa_helper[0m
[0.120s] [ 50%] [32mBuilding CXX object CMakeFiles/wa_helper.dir/src/wa_publisher.cpp.o[0m
[3.248s] In file included from [01m[K/home/theo/dev_ws/src/wa_helper/src/wa_publisher.cpp:1[m[K:
[3.248s] [01m[K/home/theo/dev_ws/src/wa_helper/src/../include/wa_helper/wa_publisher.hpp:24:16:[m[K [01;31m[Kerror: [m[Kexpected unqualified-id before â€˜[01m[Kvoid[m[Kâ€™
[3.248s]    24 |   WAPublisher(([01;31m[Kvoid[m[K (*fn)()), int delay_ms, int topic_name, int queue_size);
[3.248s]       |                [01;31m[K^~~~[m[K
[3.248s] [01m[K/home/theo/dev_ws/src/wa_helper/src/../include/wa_helper/wa_publisher.hpp:24:16:[m[K [01;31m[Kerror: [m[Kexpected â€˜[01m[K)[m[Kâ€™ before â€˜[01m[Kvoid[m[Kâ€™
[3.248s]    24 |   WAPublisher([34m[K([m[K[01;31m[Kv[m[K[32m[Koid[m[K (*fn)()), int delay_ms, int topic_name, int queue_size);
[3.248s]       |               [34m[K~[m[K[01;31m[K^[m[K[32m[K~~~[m[K
[3.248s]       |                [32m[K)[m[K
[3.249s] [01m[K/home/theo/dev_ws/src/wa_helper/src/../include/wa_helper/wa_publisher.hpp:24:16:[m[K [01;31m[Kerror: [m[Kexpected â€˜[01m[K)[m[Kâ€™ before â€˜[01m[Kvoid[m[Kâ€™
[3.249s]    24 |   WAPublisher[34m[K([m[K([01;31m[Kv[m[K[32m[Koid[m[K (*fn)()), int delay_ms, int topic_name, int queue_size);
[3.249s]       |              [34m[K~[m[K [01;31m[K^[m[K[32m[K~~~[m[K
[3.249s]       |                [32m[K)[m[K
[3.249s] [01m[K/home/theo/dev_ws/src/wa_helper/src/wa_publisher.cpp:8:28:[m[K [01;31m[Kerror: [m[Kexpected constructor, destructor, or type conversion before â€˜[01m[K([m[Kâ€™ token
[3.249s]     8 | WAPublisher<T>::WAPublisher[01;31m[K([m[K(void (*fn)()), int delay_ms, int topic_name, int queue_size) : Node("minimal_publisher")
[3.249s]       |                            [01;31m[K^[m[K
[3.331s] make[2]: *** [CMakeFiles/wa_helper.dir/build.make:63: CMakeFiles/wa_helper.dir/src/wa_publisher.cpp.o] Error 1
[3.334s] make[1]: *** [CMakeFiles/Makefile2:78: CMakeFiles/wa_helper.dir/all] Error 2
[3.335s] make: *** [Makefile:141: all] Error 2
[3.335s] Invoked command in '/home/theo/dev_ws/build/wa_helper' returned '2': CMAKE_PREFIX_PATH=${CMAKE_PREFIX_PATH}:/home/theo/dev_ws/install/py_pubsub:/opt/ros/foxy /usr/bin/cmake --build /home/theo/dev_ws/build/wa_helper -- -j1 -l1
