-- Found ament_cmake: 0.9.7 (/opt/ros/foxy/share/ament_cmake/cmake)
-- Using PYTHON_EXECUTABLE: /usr/bin/python3
-- Found rclcpp: 2.2.0 (/opt/ros/foxy/share/rclcpp/cmake)
-- Using all available rosidl_typesupport_c: rosidl_typesupport_fastrtps_c;rosidl_typesupport_introspection_c
-- Found rosidl_adapter: 1.1.0 (/opt/ros/foxy/share/rosidl_adapter/cmake)
-- Using all available rosidl_typesupport_cpp: rosidl_typesupport_fastrtps_cpp;rosidl_typesupport_introspection_cpp
-- Found rmw_implementation_cmake: 1.0.1 (/opt/ros/foxy/share/rmw_implementation_cmake/cmake)
-- Using RMW implementation 'rmw_fastrtps_cpp' as default
-- Found tutorial_interfaces: 0.0.0 (/home/theo/dev_ws/install/tutorial_interfaces/share/tutorial_interfaces/cmake)
-- Found wa_helper: 0.0.0 (/home/theo/dev_ws/install/wa_helper/share/wa_helper/cmake)
-- Configuring done
-- Generating done
-- Build files have been written to: /home/theo/dev_ws/build/wa_pubsub
[ 50%] [32m[1mLinking CXX executable wa_pub_test[0m
/usr/bin/ld: CMakeFiles/wa_pub_test.dir/src/wa_pub_test.cpp.o: in function `void __gnu_cxx::new_allocator<WAPublisher<tutorial_interfaces::msg::Num_<std::allocator<void> > > >::construct<WAPublisher<tutorial_interfaces::msg::Num_<std::allocator<void> > >, tutorial_interfaces::msg::Num_<std::allocator<void> > (*)(), int, char const (&) [9], int>(WAPublisher<tutorial_interfaces::msg::Num_<std::allocator<void> > >*, tutorial_interfaces::msg::Num_<std::allocator<void> > (*&&)(), int&&, char const (&) [9], int&&)':
wa_pub_test.cpp:(.text._ZN9__gnu_cxx13new_allocatorI11WAPublisherIN19tutorial_interfaces3msg4Num_ISaIvEEEEE9constructIS7_JPFS6_vEiRA9_KciEEEvPT_DpOT0_[_ZN9__gnu_cxx13new_allocatorI11WAPublisherIN19tutorial_interfaces3msg4Num_ISaIvEEEEE9constructIS7_JPFS6_vEiRA9_KciEEEvPT_DpOT0_]+0xe3): undefined reference to `WAPublisher<tutorial_interfaces::msg::Num_<std::allocator<void> > >::WAPublisher(tutorial_interfaces::msg::Num_<std::allocator<void> > (*)(), int, std::__cxx11::basic_string<char, std::char_traits<char>, std::allocator<char> >, int)'
collect2: error: ld returned 1 exit status
make[2]: *** [CMakeFiles/wa_pub_test.dir/build.make:137: wa_pub_test] Error 1
make[1]: *** [CMakeFiles/Makefile2:78: CMakeFiles/wa_pub_test.dir/all] Error 2
make: *** [Makefile:141: all] Error 2
