[0.014s] Invoking command in '/home/theo/dev_ws/build/wa_pubsub': CMAKE_PREFIX_PATH=/home/theo/dev_ws/install/wa_helper:/home/theo/dev_ws/install/tutorial_interfaces:/home/theo/dev_ws/install/cpp_srvcli:/home/theo/dev_ws/install/cpp_pubsub:/home/theo/dev_ws/install/turtlesim:/home/theo/dev_ws/install/my_package:/home/theo/dev_ws/install/py_pubsub:/opt/ros/foxy LD_LIBRARY_PATH=/home/theo/dev_ws/install/tutorial_interfaces/lib:/home/theo/dev_ws/install/wa_helper/lib:/home/theo/dev_ws/install/turtlesim/lib:/opt/ros/foxy/opt/yaml_cpp_vendor/lib:/opt/ros/foxy/opt/rviz_ogre_vendor/lib:/opt/ros/foxy/lib/x86_64-linux-gnu:/opt/ros/foxy/lib /usr/bin/cmake --build /home/theo/dev_ws/build/wa_pubsub -- -j1 -l1
[0.068s] -- Found ament_cmake: 0.9.7 (/opt/ros/foxy/share/ament_cmake/cmake)
[0.096s] -- Using PYTHON_EXECUTABLE: /usr/bin/python3
[0.410s] -- Found rclcpp: 2.2.0 (/opt/ros/foxy/share/rclcpp/cmake)
[0.465s] -- Using all available rosidl_typesupport_c: rosidl_typesupport_fastrtps_c;rosidl_typesupport_introspection_c
[0.476s] -- Found rosidl_adapter: 1.1.0 (/opt/ros/foxy/share/rosidl_adapter/cmake)
[0.670s] -- Using all available rosidl_typesupport_cpp: rosidl_typesupport_fastrtps_cpp;rosidl_typesupport_introspection_cpp
[0.796s] -- Found rmw_implementation_cmake: 1.0.1 (/opt/ros/foxy/share/rmw_implementation_cmake/cmake)
[0.799s] -- Using RMW implementation 'rmw_fastrtps_cpp' as default
[1.073s] -- Found tutorial_interfaces: 0.0.0 (/home/theo/dev_ws/install/tutorial_interfaces/share/tutorial_interfaces/cmake)
[1.084s] -- Found wa_helper: 0.0.0 (/home/theo/dev_ws/install/wa_helper/share/wa_helper/cmake)
[1.176s] -- Configuring done
[1.188s] -- Generating done
[1.190s] -- Build files have been written to: /home/theo/dev_ws/build/wa_pubsub
[1.241s] [ 50%] [32m[1mLinking CXX executable wa_pub_test[0m
[1.367s] /usr/bin/ld: CMakeFiles/wa_pub_test.dir/src/wa_pub_test.cpp.o: in function `void __gnu_cxx::new_allocator<WAPublisher<tutorial_interfaces::msg::Num_<std::allocator<void> > > >::construct<WAPublisher<tutorial_interfaces::msg::Num_<std::allocator<void> > >, tutorial_interfaces::msg::Num_<std::allocator<void> > (*)(), int, char const (&) [9], int>(WAPublisher<tutorial_interfaces::msg::Num_<std::allocator<void> > >*, tutorial_interfaces::msg::Num_<std::allocator<void> > (*&&)(), int&&, char const (&) [9], int&&)':
[1.368s] wa_pub_test.cpp:(.text._ZN9__gnu_cxx13new_allocatorI11WAPublisherIN19tutorial_interfaces3msg4Num_ISaIvEEEEE9constructIS7_JPFS6_vEiRA9_KciEEEvPT_DpOT0_[_ZN9__gnu_cxx13new_allocatorI11WAPublisherIN19tutorial_interfaces3msg4Num_ISaIvEEEEE9constructIS7_JPFS6_vEiRA9_KciEEEvPT_DpOT0_]+0xe3): undefined reference to `WAPublisher<tutorial_interfaces::msg::Num_<std::allocator<void> > >::WAPublisher(tutorial_interfaces::msg::Num_<std::allocator<void> > (*)(), int, std::__cxx11::basic_string<char, std::char_traits<char>, std::allocator<char> >, int)'
[1.368s] collect2: error: ld returned 1 exit status
[1.371s] make[2]: *** [CMakeFiles/wa_pub_test.dir/build.make:137: wa_pub_test] Error 1
[1.371s] make[1]: *** [CMakeFiles/Makefile2:78: CMakeFiles/wa_pub_test.dir/all] Error 2
[1.371s] make: *** [Makefile:141: all] Error 2
[1.374s] Invoked command in '/home/theo/dev_ws/build/wa_pubsub' returned '2': CMAKE_PREFIX_PATH=/home/theo/dev_ws/install/wa_helper:/home/theo/dev_ws/install/tutorial_interfaces:/home/theo/dev_ws/install/cpp_srvcli:/home/theo/dev_ws/install/cpp_pubsub:/home/theo/dev_ws/install/turtlesim:/home/theo/dev_ws/install/my_package:/home/theo/dev_ws/install/py_pubsub:/opt/ros/foxy LD_LIBRARY_PATH=/home/theo/dev_ws/install/tutorial_interfaces/lib:/home/theo/dev_ws/install/wa_helper/lib:/home/theo/dev_ws/install/turtlesim/lib:/opt/ros/foxy/opt/yaml_cpp_vendor/lib:/opt/ros/foxy/opt/rviz_ogre_vendor/lib:/opt/ros/foxy/lib/x86_64-linux-gnu:/opt/ros/foxy/lib /usr/bin/cmake --build /home/theo/dev_ws/build/wa_pubsub -- -j1 -l1
