-- Found ament_cmake: 0.9.7 (/opt/ros/foxy/share/ament_cmake/cmake)
-- Using PYTHON_EXECUTABLE: /usr/bin/python3
-- Found rclcpp: 2.2.0 (/opt/ros/foxy/share/rclcpp/cmake)
-- Using all available rosidl_typesupport_c: rosidl_typesupport_fastrtps_c;rosidl_typesupport_introspection_c
-- Found rosidl_adapter: 1.1.0 (/opt/ros/foxy/share/rosidl_adapter/cmake)
-- Using all available rosidl_typesupport_cpp: rosidl_typesupport_fastrtps_cpp;rosidl_typesupport_introspection_cpp
-- Found rmw_implementation_cmake: 1.0.1 (/opt/ros/foxy/share/rmw_implementation_cmake/cmake)
-- Using RMW implementation 'rmw_fastrtps_cpp' as default
-- Configuring done
-- Generating done
-- Build files have been written to: /home/theo/dev_ws/build/wa_helper
[35m[1mScanning dependencies of target wa_helper[0m
[ 50%] [32mBuilding CXX object CMakeFiles/wa_helper.dir/src/wa_publisher.cpp.o[0m
[01m[K/home/theo/dev_ws/src/wa_helper/src/wa_publisher.cpp:8:1:[m[K [01;31m[Kerror: [m[Kâ€˜[01m[KWAPublisher[m[Kâ€™ does not name a type
    8 | [01;31m[KWAPublisher[m[K<T>::WAPublisher(T (*fn)(), int delay_ms, std::string topic_name, int queue_size) : Node("minimal_publisher")
      | [01;31m[K^~~~~~~~~~~[m[K
make[2]: *** [CMakeFiles/wa_helper.dir/build.make:63: CMakeFiles/wa_helper.dir/src/wa_publisher.cpp.o] Error 1
make[1]: *** [CMakeFiles/Makefile2:78: CMakeFiles/wa_helper.dir/all] Error 2
make: *** [Makefile:141: all] Error 2
