[0.014s] Invoking command in '/home/theo/dev_ws/build/wa_helper': CMAKE_PREFIX_PATH=/opt/ros/foxy /usr/bin/cmake --build /home/theo/dev_ws/build/wa_helper -- -j1 -l1
[0.082s] [ 50%] [32mBuilding CXX object CMakeFiles/wa_publisher.dir/src/wa_publisher.cpp.o[0m
[1.682s] [01m[K/home/theo/dev_ws/src/wa_helper/src/wa_publisher.cpp:8:1:[m[K [01;31m[Kerror: [m[Kno declaration matches â€˜[01m[KWAPublisher<T>::WAPublisher(std::function<T>&, int, int, int)[m[Kâ€™
[1.682s]     8 | [01;31m[KWAPublisher<T>[m[K::WAPublisher(std::function<T> &fn, int delay_ms, int topic_name, int queue_size) : Node("minimal_publisher")
[1.682s]       | [01;31m[K^~~~~~~~~~~~~~[m[K
[1.683s] In file included from [01m[K/home/theo/dev_ws/src/wa_helper/src/wa_publisher.cpp:1[m[K:
[1.683s] [01m[K/home/theo/dev_ws/src/wa_helper/src/wa_publisher.hpp:24:3:[m[K [01;36m[Knote: [m[Kcandidate is: â€˜[01m[KWAPublisher<T>::WAPublisher(std::function<void()>&, int, int, int)[m[Kâ€™
[1.683s]    24 |   [01;36m[KWAPublisher[m[K(std::function<void()> &fn, int delay_ms, int topic_name, int queue_size);
[1.683s]       |   [01;36m[K^~~~~~~~~~~[m[K
[1.683s] [01m[K/home/theo/dev_ws/src/wa_helper/src/wa_publisher.hpp:15:7:[m[K [01;36m[Knote: [m[Kâ€˜[01m[Kclass WAPublisher<T>[m[Kâ€™ defined here
[1.683s]    15 | class [01;36m[KWAPublisher[m[K : public rclcpp::Node
[1.684s]       |       [01;36m[K^~~~~~~~~~~[m[K
[2.084s] make[2]: *** [CMakeFiles/wa_publisher.dir/build.make:63: CMakeFiles/wa_publisher.dir/src/wa_publisher.cpp.o] Error 1
[2.088s] make[1]: *** [CMakeFiles/Makefile2:78: CMakeFiles/wa_publisher.dir/all] Error 2
[2.088s] make: *** [Makefile:141: all] Error 2
[2.088s] Invoked command in '/home/theo/dev_ws/build/wa_helper' returned '2': CMAKE_PREFIX_PATH=/opt/ros/foxy /usr/bin/cmake --build /home/theo/dev_ws/build/wa_helper -- -j1 -l1
