[0.015s] Invoking command in '/home/theo/dev_ws/build/wa_pubsub': CMAKE_PREFIX_PATH=/home/theo/dev_ws/install/wa_helper:/home/theo/dev_ws/install/tutorial_interfaces:/home/theo/dev_ws/install/cpp_srvcli:/home/theo/dev_ws/install/cpp_pubsub:/home/theo/dev_ws/install/turtlesim:/home/theo/dev_ws/install/my_package:/home/theo/dev_ws/install/py_pubsub:/opt/ros/foxy LD_LIBRARY_PATH=/home/theo/dev_ws/install/wa_helper/lib:${LD_LIBRARY_PATH} /usr/bin/cmake --build /home/theo/dev_ws/build/wa_pubsub -- -j1 -l1
[0.083s] [35m[1mScanning dependencies of target wa_pub_test[0m
[0.126s] [ 50%] [32mBuilding CXX object CMakeFiles/wa_pub_test.dir/src/wa_pub_test.cpp.o[0m
[1.722s] [01m[K/home/theo/dev_ws/src/wa_pubsub/src/wa_pub_test.cpp:[m[K In function â€˜[01m[Kint main(int, char**)[m[Kâ€™:
[1.723s] [01m[K/home/theo/dev_ws/src/wa_pubsub/src/wa_pub_test.cpp:20:132:[m[K [01;31m[Kerror: [m[Kno matching function for call to â€˜[01m[KWAPublisher<tutorial_interfaces::msg::Num_<std::allocator<void> > >::WAPublisher(void (*)(), int, const char [9], int)[m[Kâ€™
[1.723s]    20 | isher = WAPublisher<tutorial_interfaces::msg::Num>(&callback, 1000, "wa_topic", 10[01;31m[K)[m[K;
[1.723s]       |                                                                                   [01;31m[K^[m[K
[1.723s] 
[1.723s] In file included from [01m[K/home/theo/dev_ws/src/wa_pubsub/src/wa_pub_test.cpp:1[m[K:
[1.723s] [01m[K/home/theo/dev_ws/install/wa_helper/include/wa_helper/wa_publisher.hpp:24:3:[m[K [01;36m[Knote: [m[Kcandidate: â€˜[01m[KWAPublisher<T>::WAPublisher(std::function<T()>&, int, int, int) [with T = tutorial_interfaces::msg::Num_<std::allocator<void> >][m[Kâ€™
[1.724s]    24 |   [01;36m[KWAPublisher[m[K(std::function<T()> &fn, int delay_ms, int topic_name, int queue_size);
[1.724s]       |   [01;36m[K^~~~~~~~~~~[m[K
[1.724s] [01m[K/home/theo/dev_ws/install/wa_helper/include/wa_helper/wa_publisher.hpp:24:35:[m[K [01;36m[Knote: [m[K  no known conversion for argument 1 from â€˜[01m[Kvoid (*)()[m[Kâ€™ to â€˜[01m[Kstd::function<tutorial_interfaces::msg::Num_<std::allocator<void> >()>&[m[Kâ€™
[1.724s]    24 |   WAPublisher([01;36m[Kstd::function<T()> &fn[m[K, int delay_ms, int topic_name, int queue_size);
[1.724s]       |               [01;36m[K~~~~~~~~~~~~~~~~~~~~^~[m[K
[1.724s] [01m[K/home/theo/dev_ws/src/wa_pubsub/src/wa_pub_test.cpp:22:85:[m[K [01;31m[Kerror: [m[Kuse of deleted function â€˜[01m[KWAPublisher<tutorial_interfaces::msg::Num_<std::allocator<void> > >::WAPublisher(const WAPublisher<tutorial_interfaces::msg::Num_<std::allocator<void> > >&)[m[Kâ€™
[1.725s]    22 |   rclcpp::spin(std::make_shared<WAPublisher<tutorial_interfaces::msg::Num>(publisher[01;31m[K)[m[K);
[1.725s]       |                                                                                     [01;31m[K^[m[K
[1.725s] In file included from [01m[K/home/theo/dev_ws/src/wa_pubsub/src/wa_pub_test.cpp:1[m[K:
[1.725s] [01m[K/home/theo/dev_ws/install/wa_helper/include/wa_helper/wa_publisher.hpp:15:7:[m[K [01;36m[Knote: [m[Kâ€˜[01m[KWAPublisher<tutorial_interfaces::msg::Num_<std::allocator<void> > >::WAPublisher(const WAPublisher<tutorial_interfaces::msg::Num_<std::allocator<void> > >&)[m[Kâ€™ is implicitly deleted because the default definition would be ill-formed:
[1.725s]    15 | class [01;36m[KWAPublisher[m[K : public rclcpp::Node
[1.725s]       |       [01;36m[K^~~~~~~~~~~[m[K
[1.725s] [01m[K/home/theo/dev_ws/install/wa_helper/include/wa_helper/wa_publisher.hpp:15:7:[m[K [01;31m[Kerror: [m[Kuse of deleted function â€˜[01m[Krclcpp::Node::Node(const rclcpp::Node&)[m[Kâ€™
[1.726s] In file included from [01m[K/opt/ros/foxy/include/rclcpp/context.hpp:33[m[K,
[1.726s]                  from [01m[K/opt/ros/foxy/include/rclcpp/contexts/default_context.hpp:18[m[K,
[1.726s]                  from [01m[K/opt/ros/foxy/include/rclcpp/executor.hpp:32[m[K,
[1.726s]                  from [01m[K/opt/ros/foxy/include/rclcpp/executors/multi_threaded_executor.hpp:25[m[K,
[1.726s]                  from [01m[K/opt/ros/foxy/include/rclcpp/executors.hpp:21[m[K,
[1.726s]                  from [01m[K/opt/ros/foxy/include/rclcpp/rclcpp.hpp:146[m[K,
[1.726s]                  from [01m[K/home/theo/dev_ws/install/wa_helper/include/wa_helper/wa_publisher.hpp:4[m[K,
[1.727s]                  from [01m[K/home/theo/dev_ws/src/wa_pubsub/src/wa_pub_test.cpp:1[m[K:
[1.727s] [01m[K/opt/ros/foxy/include/rclcpp/node.hpp:1195:3:[m[K [01;36m[Knote: [m[Kdeclared here
[1.728s]  1195 |   [01;36m[KRCLCPP_DISABLE_COPY[m[K(Node)
[1.728s]       |   [01;36m[K^~~~~~~~~~~~~~~~~~~[m[K
[1.728s] [01m[K/home/theo/dev_ws/src/wa_pubsub/src/wa_pub_test.cpp:22:21:[m[K [01;31m[Kerror: [m[Kparse error in template argument list
[1.732s]    22 |   rclcpp::spin(std::[01;31m[Kmake_shared<WAPublisher<tutorial_interfaces::msg::Num>(publisher)[m[K);
[1.732s]       |                     [01;31m[K^~~~~~~~~~~~~~~~~~~~~~~~~~~~~~~~~~~~~~~~~~~~~~~~~~~~~~~~~~~~~~~~~[m[K
[1.732s] [01m[K/home/theo/dev_ws/src/wa_pubsub/src/wa_pub_test.cpp:22:86:[m[K [01;31m[Kerror: [m[Kno matching function for call to â€˜[01m[Kspin(<unresolved overloaded function type>)[m[Kâ€™
[1.732s]    22 |   rclcpp::spin(std::make_shared<WAPublisher<tutorial_interfaces::msg::Num>(publisher)[01;31m[K)[m[K;
[1.732s]       |                                                                                      [01;31m[K^[m[K
[1.733s] In file included from [01m[K/opt/ros/foxy/include/rclcpp/rclcpp.hpp:146[m[K,
[1.733s]                  from [01m[K/home/theo/dev_ws/install/wa_helper/include/wa_helper/wa_publisher.hpp:4[m[K,
[1.733s]                  from [01m[K/home/theo/dev_ws/src/wa_pubsub/src/wa_pub_test.cpp:1[m[K:
[1.733s] [01m[K/opt/ros/foxy/include/rclcpp/executors.hpp:45:1:[m[K [01;36m[Knote: [m[Kcandidate: â€˜[01m[Kvoid rclcpp::spin(rclcpp::node_interfaces::NodeBaseInterface::SharedPtr)[m[Kâ€™
[1.733s]    45 | [01;36m[Kspin[m[K(rclcpp::node_interfaces::NodeBaseInterface::SharedPtr node_ptr);
[1.733s]       | [01;36m[K^~~~[m[K
[1.733s] [01m[K/opt/ros/foxy/include/rclcpp/executors.hpp:45:60:[m[K [01;36m[Knote: [m[K  no known conversion for argument 1 from â€˜[01m[K<unresolved overloaded function type>[m[Kâ€™ to â€˜[01m[Krclcpp::node_interfaces::NodeBaseInterface::SharedPtr[m[Kâ€™ {aka â€˜[01m[Kstd::shared_ptr<rclcpp::node_interfaces::NodeBaseInterface>[m[Kâ€™}
[1.733s]    45 | spin([01;36m[Krclcpp::node_interfaces::NodeBaseInterface::SharedPtr node_ptr[m[K);
[1.733s]       |      [01;36m[K~~~~~~~~~~~~~~~~~~~~~~~~~~~~~~~~~~~~~~~~~~~~~~~~~~~~~~^~~~~~~~[m[K
[1.733s] [01m[K/opt/ros/foxy/include/rclcpp/executors.hpp:49:1:[m[K [01;36m[Knote: [m[Kcandidate: â€˜[01m[Kvoid rclcpp::spin(rclcpp::Node::SharedPtr)[m[Kâ€™
[1.733s]    49 | [01;36m[Kspin[m[K(rclcpp::Node::SharedPtr node_ptr);
[1.734s]       | [01;36m[K^~~~[m[K
[1.734s] [01m[K/opt/ros/foxy/include/rclcpp/executors.hpp:49:30:[m[K [01;36m[Knote: [m[K  no known conversion for argument 1 from â€˜[01m[K<unresolved overloaded function type>[m[Kâ€™ to â€˜[01m[Krclcpp::Node::SharedPtr[m[Kâ€™ {aka â€˜[01m[Kstd::shared_ptr<rclcpp::Node>[m[Kâ€™}
[1.737s]    49 | spin([01;36m[Krclcpp::Node::SharedPtr node_ptr[m[K);
[1.737s]       |      [01;36m[K~~~~~~~~~~~~~~~~~~~~~~~~^~~~~~~~[m[K
[2.184s] make[2]: *** [CMakeFiles/wa_pub_test.dir/build.make:63: CMakeFiles/wa_pub_test.dir/src/wa_pub_test.cpp.o] Error 1
[2.188s] make[1]: *** [CMakeFiles/Makefile2:78: CMakeFiles/wa_pub_test.dir/all] Error 2
[2.188s] make: *** [Makefile:141: all] Error 2
[2.188s] Invoked command in '/home/theo/dev_ws/build/wa_pubsub' returned '2': CMAKE_PREFIX_PATH=/home/theo/dev_ws/install/wa_helper:/home/theo/dev_ws/install/tutorial_interfaces:/home/theo/dev_ws/install/cpp_srvcli:/home/theo/dev_ws/install/cpp_pubsub:/home/theo/dev_ws/install/turtlesim:/home/theo/dev_ws/install/my_package:/home/theo/dev_ws/install/py_pubsub:/opt/ros/foxy LD_LIBRARY_PATH=/home/theo/dev_ws/install/wa_helper/lib:${LD_LIBRARY_PATH} /usr/bin/cmake --build /home/theo/dev_ws/build/wa_pubsub -- -j1 -l1
