-- Found ament_cmake: 0.9.7 (/opt/ros/foxy/share/ament_cmake/cmake)
-- Using PYTHON_EXECUTABLE: /usr/bin/python3
-- Found rclcpp: 2.2.0 (/opt/ros/foxy/share/rclcpp/cmake)
-- Using all available rosidl_typesupport_c: rosidl_typesupport_fastrtps_c;rosidl_typesupport_introspection_c
-- Found rosidl_adapter: 1.1.0 (/opt/ros/foxy/share/rosidl_adapter/cmake)
-- Using all available rosidl_typesupport_cpp: rosidl_typesupport_fastrtps_cpp;rosidl_typesupport_introspection_cpp
-- Found rmw_implementation_cmake: 1.0.1 (/opt/ros/foxy/share/rmw_implementation_cmake/cmake)
-- Using RMW implementation 'rmw_fastrtps_cpp' as default
-- Found example_interfaces: 0.9.0 (/opt/ros/foxy/share/example_interfaces/cmake)
-- Configuring done
-- Generating done
-- Build files have been written to: /home/theo/dev_ws/build/cpp_srvcli
[35m[1mScanning dependencies of target client[0m
[ 25%] [32mBuilding CXX object CMakeFiles/client.dir/src/add_two_ints_client.cpp.o[0m
[01m[K/home/theo/dev_ws/src/cpp_srvcli/src/add_two_ints_client.cpp:[m[K In function â€˜[01m[Kint main(int, char**)[m[Kâ€™:
[01m[K/home/theo/dev_ws/src/cpp_srvcli/src/add_two_ints_client.cpp:12:10:[m[K [01;31m[Kerror: [m[Kâ€˜[01m[Kinit[m[Kâ€™ was not declared in this scope; did you mean â€˜[01m[Krclcpp::init[m[Kâ€™?
   12 |   rclcpp:[01;31m[Kinit[m[K(argc, argv);
      |          [01;31m[K^~~~[m[K
      |          [32m[Krclcpp::init[m[K
In file included from [01m[K/opt/ros/foxy/include/rclcpp/client.hpp:36[m[K,
                 from [01m[K/opt/ros/foxy/include/rclcpp/callback_group.hpp:23[m[K,
                 from [01m[K/opt/ros/foxy/include/rclcpp/any_executable.hpp:20[m[K,
                 from [01m[K/opt/ros/foxy/include/rclcpp/memory_strategy.hpp:24[m[K,
                 from [01m[K/opt/ros/foxy/include/rclcpp/memory_strategies.hpp:18[m[K,
                 from [01m[K/opt/ros/foxy/include/rclcpp/executor_options.hpp:20[m[K,
                 from [01m[K/opt/ros/foxy/include/rclcpp/executor.hpp:33[m[K,
                 from [01m[K/opt/ros/foxy/include/rclcpp/executors/multi_threaded_executor.hpp:25[m[K,
                 from [01m[K/opt/ros/foxy/include/rclcpp/executors.hpp:21[m[K,
                 from [01m[K/opt/ros/foxy/include/rclcpp/rclcpp.hpp:146[m[K,
                 from [01m[K/home/theo/dev_ws/src/cpp_srvcli/src/add_two_ints_client.cpp:1[m[K:
[01m[K/opt/ros/foxy/include/rclcpp/utilities.hpp:56:1:[m[K [01;36m[Knote: [m[Kâ€˜[01m[Krclcpp::init[m[Kâ€™ declared here
   56 | [01;36m[Kinit[m[K(int argc, char const * const argv[], const InitOptions & init_options = InitOptions());
      | [01;36m[K^~~~[m[K
[01m[K/home/theo/dev_ws/src/cpp_srvcli/src/add_two_ints_client.cpp:21:25:[m[K [01;31m[Kerror: [m[Kâ€˜[01m[Kexample_interface[m[Kâ€™ was not declared in this scope; did you mean â€˜[01m[Kexample_interfaces[m[Kâ€™?
   21 |     node->create_client<[01;31m[Kexample_interface[m[K::src::AddTwoInts>("add_two_ints");
      |                         [01;31m[K^~~~~~~~~~~~~~~~~[m[K
      |                         [32m[Kexample_interfaces[m[K
[01m[K/home/theo/dev_ws/src/cpp_srvcli/src/add_two_ints_client.cpp:21:11:[m[K [01;31m[Kerror: [m[Kparse error in template argument list
   21 |     node->[01;31m[Kcreate_client<example_interface::src::AddTwoInts>[m[K("add_two_ints");
      |           [01;31m[K^~~~~~~~~~~~~~~~~~~~~~~~~~~~~~~~~~~~~~~~~~~~~~~~~[m[K
[01m[K/home/theo/dev_ws/src/cpp_srvcli/src/add_two_ints_client.cpp:21:75:[m[K [01;31m[Kerror: [m[Kno matching function for call to â€˜[01m[Krclcpp::Node::create_client<<expression error> >(const char [13])[m[Kâ€™
   21 |     node->create_client<example_interface::src::AddTwoInts>("add_two_ints"[01;31m[K)[m[K;
      |                                                                           [01;31m[K^[m[K
In file included from [01m[K/opt/ros/foxy/include/rclcpp/executors/single_threaded_executor.hpp:28[m[K,
                 from [01m[K/opt/ros/foxy/include/rclcpp/executors.hpp:22[m[K,
                 from [01m[K/opt/ros/foxy/include/rclcpp/rclcpp.hpp:146[m[K,
                 from [01m[K/home/theo/dev_ws/src/cpp_srvcli/src/add_two_ints_client.cpp:1[m[K:
[01m[K/opt/ros/foxy/include/rclcpp/node.hpp:246:3:[m[K [01;36m[Knote: [m[Kcandidate: â€˜[01m[Ktemplate<class ServiceT> typename rclcpp::Client<ServiceT>::SharedPtr rclcpp::Node::create_client(const string&, const rmw_qos_profile_t&, rclcpp::CallbackGroup::SharedPtr)[m[Kâ€™
  246 |   [01;36m[Kcreate_client[m[K(
      |   [01;36m[K^~~~~~~~~~~~~[m[K
[01m[K/opt/ros/foxy/include/rclcpp/node.hpp:246:3:[m[K [01;36m[Knote: [m[K  template argument deduction/substitution failed:
[01m[K/home/theo/dev_ws/src/cpp_srvcli/src/add_two_ints_client.cpp:21:75:[m[K [01;31m[Kerror: [m[Ktemplate argument 1 is invalid
   21 |     node->create_client<example_interface::src::AddTwoInts>("add_two_ints"[01;31m[K)[m[K;
      |                                                                           [01;31m[K^[m[K
[01m[K/home/theo/dev_ws/src/cpp_srvcli/src/add_two_ints_client.cpp:23:23:[m[K [01;31m[Kerror: [m[Kparse error in template argument list
   23 |   auto request = std::[01;31m[Kmake_shared<example_interface::srv::AddTwoInts::Request>[m[K();
      |                       [01;31m[K^~~~~~~~~~~~~~~~~~~~~~~~~~~~~~~~~~~~~~~~~~~~~~~~~~~~~~~~[m[K
[01m[K/home/theo/dev_ws/src/cpp_srvcli/src/add_two_ints_client.cpp:23:80:[m[K [01;31m[Kerror: [m[Kno matching function for call to â€˜[01m[Kmake_shared<example_interface>()[m[Kâ€™
   23 |   auto request = std::make_shared<example_interface::srv::AddTwoInts::Request>([01;31m[K)[m[K;
      |                                                                                [01;31m[K^[m[K
In file included from [01m[K/usr/include/c++/9/memory:81[m[K,
                 from [01m[K/opt/ros/foxy/include/rclcpp/rclcpp.hpp:144[m[K,
                 from [01m[K/home/theo/dev_ws/src/cpp_srvcli/src/add_two_ints_client.cpp:1[m[K:
[01m[K/usr/include/c++/9/bits/shared_ptr.h:714:5:[m[K [01;36m[Knote: [m[Kcandidate: â€˜[01m[Ktemplate<class _Tp, class ... _Args> std::shared_ptr<_Tp> std::make_shared(_Args&& ...)[m[Kâ€™
  714 |     [01;36m[Kmake_shared[m[K(_Args&&... __args)
      |     [01;36m[K^~~~~~~~~~~[m[K
[01m[K/usr/include/c++/9/bits/shared_ptr.h:714:5:[m[K [01;36m[Knote: [m[K  template argument deduction/substitution failed:
[01m[K/home/theo/dev_ws/src/cpp_srvcli/src/add_two_ints_client.cpp:36:48:[m[K [01;31m[Kerror: [m[Kâ€˜[01m[Kresult[m[Kâ€™ was not declared in this scope
   36 |   if (rclcpp::spin_until_future_complete(node, [01;31m[Kresult[m[K) == rclcpp::FutureReturnCode::SUCCESS) {
      |                                                [01;31m[K^~~~~~[m[K
make[2]: *** [CMakeFiles/client.dir/build.make:63: CMakeFiles/client.dir/src/add_two_ints_client.cpp.o] Error 1
make[1]: *** [CMakeFiles/Makefile2:80: CMakeFiles/client.dir/all] Error 2
make: *** [Makefile:141: all] Error 2
