[0.000000] (-) TimerEvent: {}
[0.000171] (-) JobUnselected: {'identifier': 'cpp_pubsub'}
[0.000223] (-) JobUnselected: {'identifier': 'cpp_srvcli'}
[0.000255] (-) JobUnselected: {'identifier': 'my_package'}
[0.000283] (-) JobUnselected: {'identifier': 'py_pubsub'}
[0.000310] (-) JobUnselected: {'identifier': 'tutorial_interfaces'}
[0.000340] (wa_helper) JobQueued: {'identifier': 'wa_helper', 'dependencies': OrderedDict()}
[0.000370] (wa_helper) JobStarted: {'identifier': 'wa_helper'}
[0.007934] (wa_helper) JobProgress: {'identifier': 'wa_helper', 'progress': 'cmake'}
[0.008236] (wa_helper) Command: {'cmd': ['/usr/bin/cmake', '/home/theo/dev_ws/src/wa_helper', '-DCMAKE_INSTALL_PREFIX=/home/theo/dev_ws/install/wa_helper'], 'cwd': '/home/theo/dev_ws/build/wa_helper', 'env': OrderedDict([('GJS_DEBUG_TOPICS', 'JS ERROR;JS LOG'), ('LESSOPEN', '| /usr/bin/lesspipe %s'), ('USER', 'theo'), ('SSH_AGENT_PID', '2044'), ('XDG_SESSION_TYPE', 'x11'), ('SHLVL', '1'), ('LD_LIBRARY_PATH', '/opt/ros/foxy/opt/yaml_cpp_vendor/lib:/opt/ros/foxy/opt/rviz_ogre_vendor/lib:/opt/ros/foxy/lib/x86_64-linux-gnu:/opt/ros/foxy/lib'), ('QT4_IM_MODULE', 'ibus'), ('HOME', '/home/theo'), ('OLDPWD', '/home/theo'), ('DESKTOP_SESSION', 'ubuntu'), ('GIO_LAUNCHED_DESKTOP_FILE', '/usr/share/applications/terminator.desktop'), ('ROS_PYTHON_VERSION', '3'), ('GNOME_SHELL_SESSION_MODE', 'ubuntu'), ('GTK_MODULES', 'gail:atk-bridge'), ('MANAGERPID', '1451'), ('DBUS_SESSION_BUS_ADDRESS', 'unix:path=/run/user/1000/bus'), ('COLORTERM', 'truecolor'), ('TERMINATOR_DBUS_NAME', 'net.tenshu.Terminator21a9d5db22c73a993ff0b42f64b396873'), ('GIO_LAUNCHED_DESKTOP_FILE_PID', '8577'), ('_colcon_cd_root', '/home/theo/dev_ws'), ('MANDATORY_PATH', '/usr/share/gconf/ubuntu.mandatory.path'), ('IM_CONFIG_PHASE', '1'), ('ROS_DISTRO', 'foxy'), ('GTK_IM_MODULE', 'ibus'), ('LOGNAME', 'theo'), ('JOURNAL_STREAM', '9:34444'), ('_', '/usr/bin/colcon'), ('ROS_VERSION', '2'), ('XDG_SESSION_CLASS', 'user'), ('DEFAULTS_PATH', '/usr/share/gconf/ubuntu.default.path'), ('USERNAME', 'theo'), ('TERM', 'xterm-256color'), ('GNOME_DESKTOP_SESSION_ID', 'this-is-deprecated'), ('ROS_LOCALHOST_ONLY', '0'), ('WINDOWPATH', '2'), ('PATH', '/opt/ros/foxy/bin:/home/theo/.local/bin:/usr/local/sbin:/usr/local/bin:/usr/sbin:/usr/bin:/sbin:/bin:/usr/games:/usr/local/games:/snap/bin'), ('SESSION_MANAGER', 'local/theo-VirtualBox:@/tmp/.ICE-unix/2145,unix/theo-VirtualBox:/tmp/.ICE-unix/2145'), ('INVOCATION_ID', 'e276326f470d477a813cadfe594c26f8'), ('XDG_MENU_PREFIX', 'gnome-'), ('XDG_RUNTIME_DIR', '/run/user/1000'), ('DISPLAY', ':0'), ('TERMINATOR_DBUS_PATH', '/net/tenshu/Terminator2'), ('LANG', 'en.US.UTF-8'), ('XDG_CURRENT_DESKTOP', 'ubuntu:GNOME'), ('XMODIFIERS', '@im=ibus'), ('XDG_SESSION_DESKTOP', 'ubuntu'), ('XAUTHORITY', '/run/user/1000/gdm/Xauthority'), ('LS_COLORS', 'rs=0:di=01;34:ln=01;36:mh=00:pi=40;33:so=01;35:do=01;35:bd=40;33;01:cd=40;33;01:or=40;31;01:mi=00:su=37;41:sg=30;43:ca=30;41:tw=30;42:ow=34;42:st=37;44:ex=01;32:*.tar=01;31:*.tgz=01;31:*.arc=01;31:*.arj=01;31:*.taz=01;31:*.lha=01;31:*.lz4=01;31:*.lzh=01;31:*.lzma=01;31:*.tlz=01;31:*.txz=01;31:*.tzo=01;31:*.t7z=01;31:*.zip=01;31:*.z=01;31:*.dz=01;31:*.gz=01;31:*.lrz=01;31:*.lz=01;31:*.lzo=01;31:*.xz=01;31:*.zst=01;31:*.tzst=01;31:*.bz2=01;31:*.bz=01;31:*.tbz=01;31:*.tbz2=01;31:*.tz=01;31:*.deb=01;31:*.rpm=01;31:*.jar=01;31:*.war=01;31:*.ear=01;31:*.sar=01;31:*.rar=01;31:*.alz=01;31:*.ace=01;31:*.zoo=01;31:*.cpio=01;31:*.7z=01;31:*.rz=01;31:*.cab=01;31:*.wim=01;31:*.swm=01;31:*.dwm=01;31:*.esd=01;31:*.jpg=01;35:*.jpeg=01;35:*.mjpg=01;35:*.mjpeg=01;35:*.gif=01;35:*.bmp=01;35:*.pbm=01;35:*.pgm=01;35:*.ppm=01;35:*.tga=01;35:*.xbm=01;35:*.xpm=01;35:*.tif=01;35:*.tiff=01;35:*.png=01;35:*.svg=01;35:*.svgz=01;35:*.mng=01;35:*.pcx=01;35:*.mov=01;35:*.mpg=01;35:*.mpeg=01;35:*.m2v=01;35:*.mkv=01;35:*.webm=01;35:*.ogm=01;35:*.mp4=01;35:*.m4v=01;35:*.mp4v=01;35:*.vob=01;35:*.qt=01;35:*.nuv=01;35:*.wmv=01;35:*.asf=01;35:*.rm=01;35:*.rmvb=01;35:*.flc=01;35:*.avi=01;35:*.fli=01;35:*.flv=01;35:*.gl=01;35:*.dl=01;35:*.xcf=01;35:*.xwd=01;35:*.yuv=01;35:*.cgm=01;35:*.emf=01;35:*.ogv=01;35:*.ogx=01;35:*.aac=00;36:*.au=00;36:*.flac=00;36:*.m4a=00;36:*.mid=00;36:*.midi=00;36:*.mka=00;36:*.mp3=00;36:*.mpc=00;36:*.ogg=00;36:*.ra=00;36:*.wav=00;36:*.oga=00;36:*.opus=00;36:*.spx=00;36:*.xspf=00;36:'), ('SSH_AUTH_SOCK', '/run/user/1000/keyring/ssh'), ('AMENT_PREFIX_PATH', '/opt/ros/foxy'), ('SHELL', '/bin/bash'), ('TERMINATOR_UUID', 'urn:uuid:84cbd7c1-0501-4095-aa8a-30e7def0563b'), ('QT_ACCESSIBILITY', '1'), ('GDMSESSION', 'ubuntu'), ('LESSCLOSE', '/usr/bin/lesspipe %s %s'), ('GPG_AGENT_INFO', '/run/user/1000/gnupg/S.gpg-agent:0:1'), ('GJS_DEBUG_OUTPUT', 'stderr'), ('QT_IM_MODULE', 'ibus'), ('PWD', '/home/theo/dev_ws/build/wa_helper'), ('LC_ALL', 'en_US.UTF-8'), ('XDG_CONFIG_DIRS', '/etc/xdg/xdg-ubuntu:/etc/xdg'), ('CLUTTER_IM_MODULE', 'ibus'), ('XDG_DATA_DIRS', '/usr/share/ubuntu:/usr/local/share/:/usr/share/:/var/lib/snapd/desktop'), ('PYTHONPATH', '/opt/ros/foxy/lib/python3.8/site-packages'), ('COLCON', '1'), ('VTE_VERSION', '6003'), ('CMAKE_PREFIX_PATH', '/opt/ros/foxy')]), 'shell': False}
[0.094485] (-) TimerEvent: {}
[0.097242] (wa_helper) StdoutLine: {'line': b'-- The C compiler identification is GNU 9.3.0\n'}
[0.195004] (-) TimerEvent: {}
[0.210727] (wa_helper) StdoutLine: {'line': b'-- The CXX compiler identification is GNU 9.3.0\n'}
[0.217472] (wa_helper) StdoutLine: {'line': b'-- Check for working C compiler: /usr/bin/cc\n'}
[0.295473] (-) TimerEvent: {}
[0.300399] (wa_helper) StdoutLine: {'line': b'-- Check for working C compiler: /usr/bin/cc -- works\n'}
[0.301832] (wa_helper) StdoutLine: {'line': b'-- Detecting C compiler ABI info\n'}
[0.376249] (wa_helper) StdoutLine: {'line': b'-- Detecting C compiler ABI info - done\n'}
[0.395978] (-) TimerEvent: {}
[0.398267] (wa_helper) StdoutLine: {'line': b'-- Detecting C compile features\n'}
[0.398963] (wa_helper) StdoutLine: {'line': b'-- Detecting C compile features - done\n'}
[0.402714] (wa_helper) StdoutLine: {'line': b'-- Check for working CXX compiler: /usr/bin/c++\n'}
[0.489997] (wa_helper) StdoutLine: {'line': b'-- Check for working CXX compiler: /usr/bin/c++ -- works\n'}
[0.491738] (wa_helper) StdoutLine: {'line': b'-- Detecting CXX compiler ABI info\n'}
[0.496045] (-) TimerEvent: {}
[0.584631] (wa_helper) StdoutLine: {'line': b'-- Detecting CXX compiler ABI info - done\n'}
[0.596540] (-) TimerEvent: {}
[0.607819] (wa_helper) StdoutLine: {'line': b'-- Detecting CXX compile features\n'}
[0.608822] (wa_helper) StdoutLine: {'line': b'-- Detecting CXX compile features - done\n'}
[0.611016] (wa_helper) StdoutLine: {'line': b'-- Found ament_cmake: 0.9.7 (/opt/ros/foxy/share/ament_cmake/cmake)\n'}
[0.642101] (wa_helper) StdoutLine: {'line': b'-- Found PythonInterp: /usr/bin/python3 (found suitable version "3.8.5", minimum required is "3") \n'}
[0.642456] (wa_helper) StdoutLine: {'line': b'-- Using PYTHON_EXECUTABLE: /usr/bin/python3\n'}
[0.697090] (-) TimerEvent: {}
[0.797616] (-) TimerEvent: {}
[0.898155] (-) TimerEvent: {}
[0.899892] (wa_helper) StdoutLine: {'line': b'-- Found rclcpp: 2.2.0 (/opt/ros/foxy/share/rclcpp/cmake)\n'}
[0.947678] (wa_helper) StdoutLine: {'line': b'-- Using all available rosidl_typesupport_c: rosidl_typesupport_fastrtps_c;rosidl_typesupport_introspection_c\n'}
[0.956523] (wa_helper) StdoutLine: {'line': b'-- Found rosidl_adapter: 1.1.0 (/opt/ros/foxy/share/rosidl_adapter/cmake)\n'}
[0.998686] (-) TimerEvent: {}
[1.043632] (wa_helper) StdoutLine: {'line': b'-- Found OpenSSL: /usr/lib/x86_64-linux-gnu/libcrypto.so (found version "1.1.1f")  \n'}
[1.079848] (wa_helper) StdoutLine: {'line': b'-- Found FastRTPS: /opt/ros/foxy/include  \n'}
[1.098718] (-) TimerEvent: {}
[1.195255] (wa_helper) StdoutLine: {'line': b'-- Using all available rosidl_typesupport_cpp: rosidl_typesupport_fastrtps_cpp;rosidl_typesupport_introspection_cpp\n'}
[1.199240] (-) TimerEvent: {}
[1.292517] (wa_helper) StdoutLine: {'line': b'-- Found rmw_implementation_cmake: 1.0.1 (/opt/ros/foxy/share/rmw_implementation_cmake/cmake)\n'}
[1.294779] (wa_helper) StdoutLine: {'line': b"-- Using RMW implementation 'rmw_fastrtps_cpp' as default\n"}
[1.296128] (wa_helper) StdoutLine: {'line': b'-- Looking for pthread.h\n'}
[1.299782] (-) TimerEvent: {}
[1.374960] (wa_helper) StdoutLine: {'line': b'-- Looking for pthread.h - found\n'}
[1.375632] (wa_helper) StdoutLine: {'line': b'-- Performing Test CMAKE_HAVE_LIBC_PTHREAD\n'}
[1.399868] (-) TimerEvent: {}
[1.455485] (wa_helper) StdoutLine: {'line': b'-- Performing Test CMAKE_HAVE_LIBC_PTHREAD - Failed\n'}
[1.455996] (wa_helper) StdoutLine: {'line': b'-- Looking for pthread_create in pthreads\n'}
[1.500426] (-) TimerEvent: {}
[1.514850] (wa_helper) StdoutLine: {'line': b'-- Looking for pthread_create in pthreads - not found\n'}
[1.515298] (wa_helper) StdoutLine: {'line': b'-- Looking for pthread_create in pthread\n'}
[1.593970] (wa_helper) StdoutLine: {'line': b'-- Looking for pthread_create in pthread - found\n'}
[1.595748] (wa_helper) StdoutLine: {'line': b'-- Found Threads: TRUE  \n'}
[1.600882] (-) TimerEvent: {}
[1.701419] (-) TimerEvent: {}
[1.801950] (-) TimerEvent: {}
[1.866541] (wa_helper) StderrLine: {'line': b'CMake Error at /opt/ros/foxy/share/ament_cmake_target_dependencies/cmake/ament_target_dependencies.cmake:40 (message):\n'}
[1.866777] (wa_helper) StderrLine: {'line': b'  ament_target_dependencies() the first argument must be a valid target name\n'}
[1.866943] (wa_helper) StderrLine: {'line': b'Call Stack (most recent call first):\n'}
[1.867079] (wa_helper) StderrLine: {'line': b'  CMakeLists.txt:9 (ament_target_dependencies)\n'}
[1.867204] (wa_helper) StderrLine: {'line': b'\n'}
[1.867354] (wa_helper) StderrLine: {'line': b'\n'}
[1.869271] (wa_helper) StdoutLine: {'line': b'-- Configuring incomplete, errors occurred!\n'}
[1.869425] (wa_helper) StdoutLine: {'line': b'See also "/home/theo/dev_ws/build/wa_helper/CMakeFiles/CMakeOutput.log".\n'}
[1.869564] (wa_helper) StdoutLine: {'line': b'See also "/home/theo/dev_ws/build/wa_helper/CMakeFiles/CMakeError.log".\n'}
[1.877483] (wa_helper) CommandEnded: {'returncode': 1}
[1.892313] (wa_helper) StderrLine: {'line': b'Traceback (most recent call last):\n  File "/usr/lib/python3/dist-packages/colcon_core/executor/__init__.py", line 91, in __call__\n    rc = await self.task(*args, **kwargs)\n  File "/usr/lib/python3/dist-packages/colcon_core/task/__init__.py", line 93, in __call__\n    return await task_method(*args, **kwargs)\n  File "/usr/lib/python3/dist-packages/colcon_ros/task/ament_cmake/build.py", line 66, in build\n    if await has_target(args.build_base, \'install\'):\n  File "/usr/lib/python3/dist-packages/colcon_cmake/task/cmake/__init__.py", line 57, in has_target\n    return target in await get_makefile_targets(path)\n  File "/usr/lib/python3/dist-packages/colcon_cmake/task/cmake/__init__.py", line 77, in get_makefile_targets\n    output = await check_output([\n  File "/usr/lib/python3/dist-packages/colcon_core/subprocess.py", line 109, in check_output\n    assert not rc, \\\nAssertionError: Expected [\'/usr/bin/cmake\', \'--build\', \'/home/theo/dev_ws/build/wa_helper\', \'--target\', \'help\'] to pass: make: *** No rule to make target \'help\'.  Stop.\n\n'}
[1.892497] (wa_helper) JobEnded: {'identifier': 'wa_helper', 'rc': 1}
[1.894289] (-) EventReactorShutdown: {}
