[0.009s] Invoking command in '/home/theo/dev_ws/build/wa_helper': CMAKE_PREFIX_PATH=/opt/ros/foxy /usr/bin/cmake /home/theo/dev_ws/src/wa_helper -DCMAKE_INSTALL_PREFIX=/home/theo/dev_ws/install/wa_helper
[0.047s] -- Found ament_cmake: 0.9.7 (/opt/ros/foxy/share/ament_cmake/cmake)
[0.077s] -- Using PYTHON_EXECUTABLE: /usr/bin/python3
[0.378s] -- Found rclcpp: 2.2.0 (/opt/ros/foxy/share/rclcpp/cmake)
[0.414s] -- Using all available rosidl_typesupport_c: rosidl_typesupport_fastrtps_c;rosidl_typesupport_introspection_c
[0.420s] -- Found rosidl_adapter: 1.1.0 (/opt/ros/foxy/share/rosidl_adapter/cmake)
[0.595s] -- Using all available rosidl_typesupport_cpp: rosidl_typesupport_fastrtps_cpp;rosidl_typesupport_introspection_cpp
[0.686s] -- Found rmw_implementation_cmake: 1.0.1 (/opt/ros/foxy/share/rmw_implementation_cmake/cmake)
[0.688s] -- Using RMW implementation 'rmw_fastrtps_cpp' as default
[1.022s] -- Configuring done
[1.036s] -- Generating done
[1.039s] -- Build files have been written to: /home/theo/dev_ws/build/wa_helper
[1.047s] Invoked command in '/home/theo/dev_ws/build/wa_helper' returned '0': CMAKE_PREFIX_PATH=/opt/ros/foxy /usr/bin/cmake /home/theo/dev_ws/src/wa_helper -DCMAKE_INSTALL_PREFIX=/home/theo/dev_ws/install/wa_helper
[1.048s] Invoking command in '/home/theo/dev_ws/build/wa_helper': CMAKE_PREFIX_PATH=/opt/ros/foxy /usr/bin/cmake --build /home/theo/dev_ws/build/wa_helper -- -j1 -l1
[1.086s] [35m[1mScanning dependencies of target wa_publisher[0m
[1.131s] [ 50%] [32mBuilding CXX object CMakeFiles/wa_publisher.dir/src/wa_publisher.cpp.o[0m
[3.189s] [01m[K/home/theo/dev_ws/src/wa_helper/src/wa_publisher.cpp:6:37:[m[K [01;31m[Kerror: [m[Kexpected â€˜[01m[K;[m[Kâ€™ before â€˜[01m[Ktemplate[m[Kâ€™
[3.189s]     6 | using namespace std::chrono_literals
[3.189s]       |                                     [01;31m[K^[m[K
[3.190s]       |                                     [32m[K;[m[K
[3.190s] ......
[3.190s]    12 | [32m[Ktemplate[m[K <typename T>
[3.190s]       | [32m[K~~~~~~~~[m[K                             
[3.190s] [01m[K/home/theo/dev_ws/src/wa_helper/src/wa_publisher.cpp:16:3:[m[K [01;31m[Kerror: [m[Kneed â€˜[01m[Ktypename[m[Kâ€™ before â€˜[01m[Krclcpp::Publisher<T>::SharedPtr[m[Kâ€™ because â€˜[01m[Krclcpp::Publisher<T>[m[Kâ€™ is a dependent scope
[3.190s]    16 |   [01;31m[Krclcpp[m[K::Publisher<T>::SharedPtr _publisher;
[3.191s]       |   [01;31m[K^~~~~~[m[K
[3.191s]       |   [32m[Ktypename [m[K
[3.191s] [01m[K/home/theo/dev_ws/src/wa_helper/src/wa_publisher.cpp:25:2:[m[K [01;31m[Kerror: [m[Kexpected â€˜[01m[K;[m[Kâ€™ after class definition
[3.191s]    25 | }
[3.191s]       |  [01;31m[K^[m[K
[3.191s]       |  [32m[K;[m[K
[3.194s] [01m[K/home/theo/dev_ws/src/wa_helper/src/wa_publisher.cpp:[m[K In constructor â€˜[01m[KWAPublisher<T>::WAPublisher(std::function<void()>&, int)[m[Kâ€™:
[3.194s] [01m[K/home/theo/dev_ws/src/wa_helper/src/wa_publisher.cpp:22:5:[m[K [01;31m[Kerror: [m[Kâ€˜[01m[K_publisher[m[Kâ€™ was not declared in this scope; did you mean â€˜[01m[KWAPublisher[m[Kâ€™?
[3.194s]    22 |     [01;31m[K_publisher[m[K = this->create_publisher<T>(this->_topic, this->_queueSize);
[3.195s]       |     [01;31m[K^~~~~~~~~~[m[K
[3.195s]       |     [32m[KWAPublisher[m[K
[3.195s] [01m[K/home/theo/dev_ws/src/wa_helper/src/wa_publisher.cpp:23:48:[m[K [01;31m[Kerror: [m[Kexpected â€˜[01m[K)[m[Kâ€™ before â€˜[01m[Kms[m[Kâ€™
[3.195s]    23 |     _timer = this->create_wall_timer[34m[K([m[K(delay_ms)[01;31m[Km[m[K[32m[Ks[m[K, std::bind(fn, this));
[3.195s]       |                                     [34m[K~[m[K          [01;31m[K^[m[K[32m[K~[m[K
[3.195s]       |                                                [32m[K)[m[K
[3.752s] make[2]: *** [CMakeFiles/wa_publisher.dir/build.make:63: CMakeFiles/wa_publisher.dir/src/wa_publisher.cpp.o] Error 1
[3.756s] make[1]: *** [CMakeFiles/Makefile2:78: CMakeFiles/wa_publisher.dir/all] Error 2
[3.756s] make: *** [Makefile:141: all] Error 2
[3.757s] Invoked command in '/home/theo/dev_ws/build/wa_helper' returned '2': CMAKE_PREFIX_PATH=/opt/ros/foxy /usr/bin/cmake --build /home/theo/dev_ws/build/wa_helper -- -j1 -l1
