[0.014s] Invoking command in '/home/theo/dev_ws/build/wa_helper': CMAKE_PREFIX_PATH=/opt/ros/foxy /usr/bin/cmake --build /home/theo/dev_ws/build/wa_helper -- -j1 -l1
[0.079s] [35m[1mScanning dependencies of target wa_publisher[0m
[0.105s] [ 50%] [32mBuilding CXX object CMakeFiles/wa_publisher.dir/src/wa_publisher.cpp.o[0m
[1.948s] [01m[K/home/theo/dev_ws/src/wa_helper/src/wa_publisher.cpp:15:3:[m[K [01;31m[Kerror: [m[Kneed â€˜[01m[Ktypename[m[Kâ€™ before â€˜[01m[Krclcpp::Publisher<T>::SharedPtr[m[Kâ€™ because â€˜[01m[Krclcpp::Publisher<T>[m[Kâ€™ is a dependent scope
[1.948s]    15 |   [01;31m[Krclcpp[m[K::Publisher<T>::SharedPtr _publisher;
[1.949s]       |   [01;31m[K^~~~~~[m[K
[1.949s]       |   [32m[Ktypename [m[K
[2.384s] make[2]: *** [CMakeFiles/wa_publisher.dir/build.make:63: CMakeFiles/wa_publisher.dir/src/wa_publisher.cpp.o] Error 1
[2.387s] make[1]: *** [CMakeFiles/Makefile2:78: CMakeFiles/wa_publisher.dir/all] Error 2
[2.388s] make: *** [Makefile:141: all] Error 2
[2.388s] Invoked command in '/home/theo/dev_ws/build/wa_helper' returned '2': CMAKE_PREFIX_PATH=/opt/ros/foxy /usr/bin/cmake --build /home/theo/dev_ws/build/wa_helper -- -j1 -l1
