[0.016s] Invoking command in '/home/theo/dev_ws/build/wa_pubsub': CMAKE_PREFIX_PATH=/home/theo/dev_ws/install/wa_helper:/home/theo/dev_ws/install/tutorial_interfaces:/home/theo/dev_ws/install/cpp_srvcli:/home/theo/dev_ws/install/cpp_pubsub:/home/theo/dev_ws/install/turtlesim:/home/theo/dev_ws/install/my_package:/home/theo/dev_ws/install/py_pubsub:/opt/ros/foxy LD_LIBRARY_PATH=/home/theo/dev_ws/install/wa_helper/lib:${LD_LIBRARY_PATH} /usr/bin/cmake --build /home/theo/dev_ws/build/wa_pubsub -- -j1 -l1
[0.082s] [35m[1mScanning dependencies of target wa_pub_test[0m
[0.126s] [ 50%] [32mBuilding CXX object CMakeFiles/wa_pub_test.dir/src/wa_pub_test.cpp.o[0m
[1.746s] [01m[K/home/theo/dev_ws/src/wa_pubsub/src/wa_pub_test.cpp:[m[K In function â€˜[01m[Kint main(int, char**)[m[Kâ€™:
[1.746s] [01m[K/home/theo/dev_ws/src/wa_pubsub/src/wa_pub_test.cpp:20:132:[m[K [01;31m[Kerror: [m[Kno matching function for call to â€˜[01m[KWAPublisher<tutorial_interfaces::msg::Num_<std::allocator<void> > >::WAPublisher(void (*)(), int, const char [9], int)[m[Kâ€™
[1.746s]    20 | isher = WAPublisher<tutorial_interfaces::msg::Num>(&callback, 1000, "wa_topic", 10[01;31m[K)[m[K;
[1.746s]       |                                                                                   [01;31m[K^[m[K
[1.747s] 
[1.747s] In file included from [01m[K/home/theo/dev_ws/src/wa_pubsub/src/wa_pub_test.cpp:1[m[K:
[1.747s] [01m[K/home/theo/dev_ws/install/wa_helper/include/wa_helper/wa_publisher.hpp:24:3:[m[K [01;36m[Knote: [m[Kcandidate: â€˜[01m[KWAPublisher<T>::WAPublisher(std::function<T()>&, int, int, int) [with T = tutorial_interfaces::msg::Num_<std::allocator<void> >][m[Kâ€™
[1.747s]    24 |   [01;36m[KWAPublisher[m[K(std::function<T()> &fn, int delay_ms, int topic_name, int queue_size);
[1.747s]       |   [01;36m[K^~~~~~~~~~~[m[K
[1.747s] [01m[K/home/theo/dev_ws/install/wa_helper/include/wa_helper/wa_publisher.hpp:24:35:[m[K [01;36m[Knote: [m[K  no known conversion for argument 1 from â€˜[01m[Kvoid (*)()[m[Kâ€™ to â€˜[01m[Kstd::function<tutorial_interfaces::msg::Num_<std::allocator<void> >()>&[m[Kâ€™
[1.748s]    24 |   WAPublisher([01;36m[Kstd::function<T()> &fn[m[K, int delay_ms, int topic_name, int queue_size);
[1.748s]       |               [01;36m[K~~~~~~~~~~~~~~~~~~~~^~[m[K
[1.748s] [01m[K/home/theo/dev_ws/src/wa_pubsub/src/wa_pub_test.cpp:22:25:[m[K [01;31m[Kerror: [m[Kno matching function for call to â€˜[01m[Kspin(WAPublisher<tutorial_interfaces::msg::Num_<std::allocator<void> > >&)[m[Kâ€™
[1.748s]    22 |   rclcpp::spin(publisher[01;31m[K)[m[K;
[1.748s]       |                         [01;31m[K^[m[K
[1.748s] In file included from [01m[K/opt/ros/foxy/include/rclcpp/rclcpp.hpp:146[m[K,
[1.749s]                  from [01m[K/home/theo/dev_ws/install/wa_helper/include/wa_helper/wa_publisher.hpp:4[m[K,
[1.749s]                  from [01m[K/home/theo/dev_ws/src/wa_pubsub/src/wa_pub_test.cpp:1[m[K:
[1.749s] [01m[K/opt/ros/foxy/include/rclcpp/executors.hpp:45:1:[m[K [01;36m[Knote: [m[Kcandidate: â€˜[01m[Kvoid rclcpp::spin(rclcpp::node_interfaces::NodeBaseInterface::SharedPtr)[m[Kâ€™
[1.749s]    45 | [01;36m[Kspin[m[K(rclcpp::node_interfaces::NodeBaseInterface::SharedPtr node_ptr);
[1.749s]       | [01;36m[K^~~~[m[K
[1.749s] [01m[K/opt/ros/foxy/include/rclcpp/executors.hpp:45:60:[m[K [01;36m[Knote: [m[K  no known conversion for argument 1 from â€˜[01m[KWAPublisher<tutorial_interfaces::msg::Num_<std::allocator<void> > >[m[Kâ€™ to â€˜[01m[Krclcpp::node_interfaces::NodeBaseInterface::SharedPtr[m[Kâ€™ {aka â€˜[01m[Kstd::shared_ptr<rclcpp::node_interfaces::NodeBaseInterface>[m[Kâ€™}
[1.749s]    45 | spin([01;36m[Krclcpp::node_interfaces::NodeBaseInterface::SharedPtr node_ptr[m[K);
[1.750s]       |      [01;36m[K~~~~~~~~~~~~~~~~~~~~~~~~~~~~~~~~~~~~~~~~~~~~~~~~~~~~~~^~~~~~~~[m[K
[1.750s] [01m[K/opt/ros/foxy/include/rclcpp/executors.hpp:49:1:[m[K [01;36m[Knote: [m[Kcandidate: â€˜[01m[Kvoid rclcpp::spin(rclcpp::Node::SharedPtr)[m[Kâ€™
[1.750s]    49 | [01;36m[Kspin[m[K(rclcpp::Node::SharedPtr node_ptr);
[1.750s]       | [01;36m[K^~~~[m[K
[1.750s] [01m[K/opt/ros/foxy/include/rclcpp/executors.hpp:49:30:[m[K [01;36m[Knote: [m[K  no known conversion for argument 1 from â€˜[01m[KWAPublisher<tutorial_interfaces::msg::Num_<std::allocator<void> > >[m[Kâ€™ to â€˜[01m[Krclcpp::Node::SharedPtr[m[Kâ€™ {aka â€˜[01m[Kstd::shared_ptr<rclcpp::Node>[m[Kâ€™}
[1.750s]    49 | spin([01;36m[Krclcpp::Node::SharedPtr node_ptr[m[K);
[1.752s]       |      [01;36m[K~~~~~~~~~~~~~~~~~~~~~~~~^~~~~~~~[m[K
[2.165s] make[2]: *** [CMakeFiles/wa_pub_test.dir/build.make:63: CMakeFiles/wa_pub_test.dir/src/wa_pub_test.cpp.o] Error 1
[2.168s] make[1]: *** [CMakeFiles/Makefile2:78: CMakeFiles/wa_pub_test.dir/all] Error 2
[2.168s] make: *** [Makefile:141: all] Error 2
[2.169s] Invoked command in '/home/theo/dev_ws/build/wa_pubsub' returned '2': CMAKE_PREFIX_PATH=/home/theo/dev_ws/install/wa_helper:/home/theo/dev_ws/install/tutorial_interfaces:/home/theo/dev_ws/install/cpp_srvcli:/home/theo/dev_ws/install/cpp_pubsub:/home/theo/dev_ws/install/turtlesim:/home/theo/dev_ws/install/my_package:/home/theo/dev_ws/install/py_pubsub:/opt/ros/foxy LD_LIBRARY_PATH=/home/theo/dev_ws/install/wa_helper/lib:${LD_LIBRARY_PATH} /usr/bin/cmake --build /home/theo/dev_ws/build/wa_pubsub -- -j1 -l1
